2024-02-25 02:16:03,920 [ERROR] LogOutputStream:75 - [STDERR_REDIRECT] 
2024-02-25 13:30:59,610 [INFO] Activator:176 - 


2024-02-25 13:30:59,613 [INFO] Activator:177 - !SESSION log4j initialized
2024-02-25 13:31:09,981 [INFO] LogOutputStream:77 - [STDOUT_REDIRECT] 
2024-02-25 13:31:11,960 [INFO] ApplicationProperties:184 - Using Application install path: /opt/st/stm32cubeide_1.14.0/plugins/com.st.stm32cube.common.mx_6.10.0.202311202037
2024-02-25 13:31:11,981 [INFO] DbMcusXml:78 - Set database path to: /opt/st/stm32cubeide_1.14.0/plugins/com.st.stm32cube.common.mx_6.10.0.202311202037//db//mcu/
2024-02-25 13:31:11,981 [INFO] ApiDb:274 - Set plugin database path to: /opt/st/stm32cubeide_1.14.0/plugins/com.st.stm32cube.common.mx_6.10.0.202311202037//db//plugins/boardmanager/
2024-02-25 13:31:11,981 [WARN] ApiDb:259 - Overriding images path with different value:  => /opt/st/stm32cubeide_1.14.0/plugins/com.st.stm32cube.common.mx_6.10.0.202311202037//db//plugins/mcufinder/images/
2024-02-25 13:31:11,991 [INFO] ApiDb:250 - Set database path to: /home/mondher/.stmcufinder/plugins/mcufinder//mcu/
2024-02-25 13:31:11,992 [INFO] DbMcusAds:125 - Set database path to: /home/mondher/.stmcufinder/plugins/mcufinder//mcu/
2024-02-25 13:31:12,996 [INFO] CrossReferenceDbSqlite:203 - Set database path to: /home/mondher/.stmcufinder/plugins/mcufinder//mcu/cs/
2024-02-25 13:31:13,169 [INFO] RulesReader:64 - Compatibility file has been processed (297 Rules)
2024-02-25 13:31:13,260 [INFO] DbMcusXml:78 - Set database path to: /opt/st/stm32cubeide_1.14.0/plugins/com.st.stm32cube.common.mx_6.10.0.202311202037//db//mcu/
2024-02-25 13:31:13,260 [INFO] ApiDb:274 - Set plugin database path to: /opt/st/stm32cubeide_1.14.0/plugins/com.st.stm32cube.common.mx_6.10.0.202311202037//db//plugins/boardmanager/
2024-02-25 13:31:13,260 [INFO] ApiDb:261 - Set plugin images path to: /opt/st/stm32cubeide_1.14.0/plugins/com.st.stm32cube.common.mx_6.10.0.202311202037//db//plugins/mcufinder/images/
2024-02-25 13:31:13,261 [WARN] DbFile:41 - Overriding database path with different value: /home/mondher/.stmcufinder/plugins/mcufinder/ => /home/mondher/.stmcufinder/plugins/mcufinder
2024-02-25 13:31:13,261 [INFO] ApiDb:250 - Set database path to: /home/mondher/.stmcufinder/plugins/mcufinder//mcu/
2024-02-25 13:31:13,261 [WARN] DbFile:41 - Overriding database path with different value: /home/mondher/.stmcufinder/plugins/mcufinder/ => /home/mondher/.stmcufinder/plugins/mcufinder
2024-02-25 13:31:13,261 [INFO] DbMcusAds:125 - Set database path to: /home/mondher/.stmcufinder/plugins/mcufinder//mcu/
2024-02-25 13:31:13,261 [WARN] DbFile:41 - Overriding database path with different value: /home/mondher/.stmcufinder/plugins/mcufinder/ => /home/mondher/.stmcufinder/plugins/mcufinder
2024-02-25 13:31:13,261 [WARN] DbFile:41 - Overriding database path with different value: /home/mondher/.stmcufinder/plugins/mcufinder/ => /home/mondher/.stmcufinder/plugins/mcufinder
2024-02-25 13:31:14,263 [INFO] CrossReferenceDbSqlite:203 - Set database path to: /home/mondher/.stmcufinder/plugins/mcufinder//mcu/cs/
2024-02-25 13:31:14,356 [INFO] MainPanel:264 - HeapMemory: 268435456
2024-02-25 13:31:14,476 [INFO] DbMcusXml:78 - Set database path to: /opt/st/stm32cubeide_1.14.0/plugins/com.st.stm32cube.common.mx_6.10.0.202311202037//db//mcu/
2024-02-25 13:31:14,476 [INFO] ApiDb:274 - Set plugin database path to: /opt/st/stm32cubeide_1.14.0/plugins/com.st.stm32cube.common.mx_6.10.0.202311202037//db//plugins/boardmanager/
2024-02-25 13:31:14,476 [INFO] ApiDb:261 - Set plugin images path to: /opt/st/stm32cubeide_1.14.0/plugins/com.st.stm32cube.common.mx_6.10.0.202311202037//db//plugins/mcufinder/images/
2024-02-25 13:31:14,477 [WARN] DbFile:41 - Overriding database path with different value: /home/mondher/.stmcufinder/plugins/mcufinder/ => /home/mondher/.stmcufinder/plugins/mcufinder
2024-02-25 13:31:14,477 [INFO] ApiDb:250 - Set database path to: /home/mondher/.stmcufinder/plugins/mcufinder//mcu/
2024-02-25 13:31:14,477 [WARN] DbFile:41 - Overriding database path with different value: /home/mondher/.stmcufinder/plugins/mcufinder/ => /home/mondher/.stmcufinder/plugins/mcufinder
2024-02-25 13:31:14,477 [INFO] DbMcusAds:125 - Set database path to: /home/mondher/.stmcufinder/plugins/mcufinder//mcu/
2024-02-25 13:31:14,477 [WARN] DbFile:41 - Overriding database path with different value: /home/mondher/.stmcufinder/plugins/mcufinder/ => /home/mondher/.stmcufinder/plugins/mcufinder
2024-02-25 13:31:14,478 [WARN] DbFile:41 - Overriding database path with different value: /home/mondher/.stmcufinder/plugins/mcufinder/ => /home/mondher/.stmcufinder/plugins/mcufinder
2024-02-25 13:31:15,479 [INFO] CrossReferenceDbSqlite:203 - Set database path to: /home/mondher/.stmcufinder/plugins/mcufinder//mcu/cs/
2024-02-25 13:31:15,501 [INFO] ApplicationProperties:184 - Using Application install path: /opt/st/stm32cubeide_1.14.0/plugins/com.st.stm32cube.common.mx_6.10.0.202311202037
2024-02-25 13:31:15,503 [INFO] PluginManage:196 - Search for loadable plugins [exclusion list=, ]
2024-02-25 13:31:15,505 [INFO] PluginManage:310 - Check plugin analytics
2024-02-25 13:31:16,753 [INFO] AnalyticsPlugin:253 - Accepted Software Licenses: 
2024-02-25 13:31:16,753 [INFO] AnalyticsPlugin:255 - Accepted CMSIS Pack Licenses: 
2024-02-25 13:31:16,754 [INFO] AnalyticsPlugin:257 - Accepted Firmware Licenses: 
2024-02-25 13:31:16,759 [INFO] PluginManage:359 - Loaded plugin analytics (category:tool,tabindex:-1)
2024-02-25 13:31:16,759 [INFO] PluginManage:310 - Check plugin cadmodel
2024-02-25 13:31:16,786 [INFO] CADModel:105 - Init CAD model plugin
2024-02-25 13:31:16,786 [INFO] PluginManage:359 - Loaded plugin cadmodel (category:power,tabindex:5)
2024-02-25 13:31:16,786 [INFO] PluginManage:310 - Check plugin clock
2024-02-25 13:31:16,798 [INFO] PluginManage:359 - Loaded plugin clock (category:base,tabindex:2)
2024-02-25 13:31:16,798 [INFO] PluginManage:310 - Check plugin ddr
2024-02-25 13:31:16,800 [INFO] PluginManage:359 - Loaded plugin ddr (category:tool,tabindex:6)
2024-02-25 13:31:16,800 [INFO] PluginManage:310 - Check plugin filemanager
2024-02-25 13:31:16,932 [INFO] PluginManage:359 - Loaded plugin filemanager (category:base,tabindex:10)
2024-02-25 13:31:16,933 [INFO] PluginManage:310 - Check plugin ipmanager
2024-02-25 13:31:16,938 [INFO] PluginManage:359 - Loaded plugin ipmanager (category:base,tabindex:5)
2024-02-25 13:31:16,938 [INFO] PluginManage:310 - Check plugin lpbam
2024-02-25 13:31:16,947 [INFO] PluginManage:359 - Loaded plugin lpbam (category:base,tabindex:0)
2024-02-25 13:31:16,947 [INFO] PluginManage:310 - Check plugin memorymap
2024-02-25 13:31:16,960 [INFO] PluginManage:359 - Loaded plugin memorymap (category:base,tabindex:4)
2024-02-25 13:31:16,960 [INFO] PluginManage:310 - Check plugin pinoutandconfiguration
2024-02-25 13:31:16,967 [INFO] PluginManage:359 - Loaded plugin pinoutandconfiguration (category:base,tabindex:1)
2024-02-25 13:31:16,967 [INFO] PluginManage:310 - Check plugin pinoutconfig
2024-02-25 13:31:17,045 [WARN] SupportedApi:132 - Cannot load RTOS API schema: s4s-elt-must-match.1: The content of 'definitions' must match (annotation?, (simpleType | complexType)?, (unique | key | keyref)*)). A problem was found starting at: attribute.
2024-02-25 13:31:17,190 [INFO] PluginManage:359 - Loaded plugin pinoutconfig (category:base,tabindex:0)
2024-02-25 13:31:17,190 [INFO] PluginManage:310 - Check plugin power
2024-02-25 13:31:17,200 [INFO] PluginManage:359 - Loaded plugin power (category:power,tabindex:4)
2024-02-25 13:31:17,200 [INFO] PluginManage:310 - Check plugin projectmanager
2024-02-25 13:31:17,217 [INFO] PluginManage:359 - Loaded plugin projectmanager (category:projectmanager,tabindex:3)
2024-02-25 13:31:17,218 [INFO] PluginManage:310 - Check plugin thirdparty
2024-02-25 13:31:17,360 [INFO] PluginManage:359 - Loaded plugin thirdparty (category:base,tabindex:-1)
2024-02-25 13:31:17,360 [WARN] IntegrityCheckThread:84 - waiting for thirdparty lock release [integrity check]
2024-02-25 13:31:17,360 [INFO] PluginManage:310 - Check plugin tools
2024-02-25 13:31:17,360 [INFO] IntegrityCheckThread:86 - entering critical section [integrity check]
2024-02-25 13:31:17,361 [INFO] ThirdPartyUpdaterWithRetryManager:70 - Updater plugin not ready yet. [1/15]
2024-02-25 13:31:17,363 [INFO] PluginManage:359 - Loaded plugin tools (category:base,tabindex:7)
2024-02-25 13:31:17,363 [INFO] PluginManage:310 - Check plugin tutovideos
2024-02-25 13:31:17,588 [INFO] PluginManage:359 - Loaded plugin tutovideos (category:base,tabindex:-1)
2024-02-25 13:31:17,589 [INFO] PluginManage:310 - Check plugin updater
2024-02-25 13:31:17,660 [INFO] PluginManage:359 - Loaded plugin updater (category:base,tabindex:12)
2024-02-25 13:31:17,660 [INFO] PluginManage:310 - Check plugin userauth
2024-02-25 13:31:17,742 [INFO] UserAuth:114 - Init User Auth plugin
2024-02-25 13:31:17,742 [INFO] PluginManage:359 - Loaded plugin userauth (category:base,tabindex:14)
2024-02-25 13:31:17,742 [INFO] PluginManage:283 - PluginManage : Loaded plugins [17]
2024-02-25 13:31:18,248 [INFO] PinOutPanel:1499 - setPackage(No Configuration,No Configuration)
2024-02-25 13:31:18,320 [INFO] CADModel:165 - CPN selected for project level
2024-02-25 13:31:18,321 [INFO] CADModel:114 - Register for checkConnection events
2024-02-25 13:31:18,339 [INFO] IPUIPlugin:80 - create IPUIPlugin
2024-02-25 13:31:18,339 [INFO] PluginManager:220 - loadIPPluginJar : add usbx
2024-02-25 13:31:18,342 [INFO] IPUIPlugin:80 - create IPUIPlugin
2024-02-25 13:31:18,342 [INFO] PluginManager:220 - loadIPPluginJar : add lorawan
2024-02-25 13:31:18,345 [INFO] IPUIPlugin:80 - create IPUIPlugin
2024-02-25 13:31:18,346 [INFO] PluginManager:220 - loadIPPluginJar : add pdm2pcm
2024-02-25 13:31:18,349 [INFO] IPUIPlugin:80 - create IPUIPlugin
2024-02-25 13:31:18,349 [INFO] PluginManager:220 - loadIPPluginJar : add i2s
2024-02-25 13:31:18,357 [INFO] IPUIPlugin:80 - create IPUIPlugin
2024-02-25 13:31:18,358 [INFO] PluginManager:220 - loadIPPluginJar : add dma
2024-02-25 13:31:18,362 [INFO] IPUIPlugin:80 - create IPUIPlugin
2024-02-25 13:31:18,362 [INFO] PluginManager:220 - loadIPPluginJar : add nvic
2024-02-25 13:31:18,368 [INFO] IPUIPlugin:80 - create IPUIPlugin
2024-02-25 13:31:18,369 [INFO] PluginManager:220 - loadIPPluginJar : add freertos
2024-02-25 13:31:18,377 [INFO] IPUIPlugin:80 - create IPUIPlugin
2024-02-25 13:31:18,377 [INFO] PluginManager:220 - loadIPPluginJar : add stm32_wpan
2024-02-25 13:31:18,380 [INFO] IPUIPlugin:80 - create IPUIPlugin
2024-02-25 13:31:18,380 [INFO] PluginManager:220 - loadIPPluginJar : add dfsdm
2024-02-25 13:31:18,382 [INFO] IPUIPlugin:80 - create IPUIPlugin
2024-02-25 13:31:18,382 [INFO] PluginManager:220 - loadIPPluginJar : add spi
2024-02-25 13:31:18,385 [INFO] IPUIPlugin:80 - create IPUIPlugin
2024-02-25 13:31:18,385 [INFO] PluginManager:220 - loadIPPluginJar : add hash
2024-02-25 13:31:18,387 [INFO] IPUIPlugin:80 - create IPUIPlugin
2024-02-25 13:31:18,387 [INFO] PluginManager:220 - loadIPPluginJar : add gfxmmu
2024-02-25 13:31:18,396 [INFO] IPUIPlugin:80 - create IPUIPlugin
2024-02-25 13:31:18,399 [INFO] PluginManager:220 - loadIPPluginJar : add plateformsettings
2024-02-25 13:31:18,401 [INFO] IPUIPlugin:80 - create IPUIPlugin
2024-02-25 13:31:18,401 [INFO] PluginManager:220 - loadIPPluginJar : add genericplugin
2024-02-25 13:31:18,403 [INFO] IPUIPlugin:80 - create IPUIPlugin
2024-02-25 13:31:18,403 [INFO] PluginManager:220 - loadIPPluginJar : add tim
2024-02-25 13:31:18,405 [INFO] IPUIPlugin:80 - create IPUIPlugin
2024-02-25 13:31:18,406 [INFO] PluginManager:220 - loadIPPluginJar : add quadspi
2024-02-25 13:31:18,409 [INFO] IPUIPlugin:80 - create IPUIPlugin
2024-02-25 13:31:18,409 [INFO] PluginManager:220 - loadIPPluginJar : add openamp
2024-02-25 13:31:18,411 [INFO] IPUIPlugin:80 - create IPUIPlugin
2024-02-25 13:31:18,412 [INFO] PluginManager:220 - loadIPPluginJar : add dma3
2024-02-25 13:31:18,414 [INFO] IPUIPlugin:80 - create IPUIPlugin
2024-02-25 13:31:18,414 [INFO] PluginManager:220 - loadIPPluginJar : add cryp
2024-02-25 13:31:18,420 [INFO] IPUIPlugin:80 - create IPUIPlugin
2024-02-25 13:31:18,420 [INFO] PluginManager:220 - loadIPPluginJar : add gpio
2024-02-25 13:31:18,428 [INFO] IPUIPlugin:80 - create IPUIPlugin
2024-02-25 13:31:18,428 [INFO] PluginManager:220 - loadIPPluginJar : add adc
2024-02-25 13:31:18,429 [INFO] IPUIPlugin:80 - create IPUIPlugin
2024-02-25 13:31:18,430 [INFO] PluginManager:220 - loadIPPluginJar : add ltdc
2024-02-25 13:31:18,432 [INFO] IPUIPlugin:80 - create IPUIPlugin
2024-02-25 13:31:18,432 [INFO] PluginManager:220 - loadIPPluginJar : add usart
2024-02-25 13:31:18,436 [INFO] IPUIPlugin:80 - create IPUIPlugin
2024-02-25 13:31:18,436 [INFO] PluginManager:220 - loadIPPluginJar : add gtzc
2024-02-25 13:31:18,439 [INFO] IPUIPlugin:80 - create IPUIPlugin
2024-02-25 13:31:18,439 [INFO] PluginManager:220 - loadIPPluginJar : add ucpd
2024-02-25 13:31:18,446 [INFO] IPUIPlugin:80 - create IPUIPlugin
2024-02-25 13:31:18,446 [INFO] PluginManager:220 - loadIPPluginJar : add gic
2024-02-25 13:31:18,449 [INFO] IPUIPlugin:80 - create IPUIPlugin
2024-02-25 13:31:18,449 [INFO] PluginManager:220 - loadIPPluginJar : add i3c
2024-02-25 13:31:18,450 [INFO] IPUIPlugin:80 - create IPUIPlugin
2024-02-25 13:31:18,451 [INFO] PluginManager:220 - loadIPPluginJar : add comp
2024-02-25 13:31:18,454 [INFO] IPUIPlugin:80 - create IPUIPlugin
2024-02-25 13:31:18,454 [INFO] PluginManager:220 - loadIPPluginJar : add opamp
2024-02-25 13:31:18,457 [INFO] IPUIPlugin:80 - create IPUIPlugin
2024-02-25 13:31:18,457 [INFO] PluginManager:220 - loadIPPluginJar : add aes
2024-02-25 13:31:18,461 [INFO] IPUIPlugin:80 - create IPUIPlugin
2024-02-25 13:31:18,461 [INFO] PluginManager:220 - loadIPPluginJar : add can
2024-02-25 13:31:18,463 [INFO] IPUIPlugin:80 - create IPUIPlugin
2024-02-25 13:31:18,463 [INFO] PluginManager:220 - loadIPPluginJar : add ts
2024-02-25 13:31:18,468 [INFO] IPUIPlugin:80 - create IPUIPlugin
2024-02-25 13:31:18,468 [INFO] PluginManager:220 - loadIPPluginJar : add fmc
2024-02-25 13:31:18,478 [INFO] IPUIPlugin:80 - create IPUIPlugin
2024-02-25 13:31:18,479 [INFO] PluginManager:220 - loadIPPluginJar : add mdma
2024-02-25 13:31:18,482 [INFO] IPUIPlugin:80 - create IPUIPlugin
2024-02-25 13:31:18,482 [INFO] PluginManager:220 - loadIPPluginJar : add sai
2024-02-25 13:31:18,486 [INFO] IPUIPlugin:80 - create IPUIPlugin
2024-02-25 13:31:18,486 [INFO] PluginManager:220 - loadIPPluginJar : add ipddr
2024-02-25 13:31:18,491 [INFO] IPUIPlugin:80 - create IPUIPlugin
2024-02-25 13:31:18,491 [INFO] PluginManager:220 - loadIPPluginJar : add touchsensing
2024-02-25 13:31:18,494 [INFO] IPUIPlugin:80 - create IPUIPlugin
2024-02-25 13:31:18,495 [INFO] PluginManager:220 - loadIPPluginJar : add i2c
2024-02-25 13:31:18,497 [INFO] IPUIPlugin:80 - create IPUIPlugin
2024-02-25 13:31:18,497 [INFO] PluginManager:220 - loadIPPluginJar : add tracer_emb
2024-02-25 13:31:18,499 [INFO] IPUIPlugin:80 - create IPUIPlugin
2024-02-25 13:31:18,499 [INFO] PluginManager:220 - loadIPPluginJar : add fatfs
2024-02-25 13:31:18,514 [INFO] IPUIPlugin:80 - create IPUIPlugin
2024-02-25 13:31:18,514 [INFO] PluginManager:220 - loadIPPluginJar : add linkedlist
2024-02-25 13:31:18,524 [INFO] IPUIPlugin:80 - create IPUIPlugin
2024-02-25 13:31:18,524 [INFO] PluginManager:220 - loadIPPluginJar : add resmgrutility
2024-02-25 13:31:18,526 [INFO] IPUIPlugin:80 - create IPUIPlugin
2024-02-25 13:31:18,526 [INFO] PluginManager:220 - loadIPPluginJar : add tsc
2024-02-25 13:31:18,651 [INFO] CADModel:165 - CPN selected for project level
2024-02-25 13:31:18,651 [INFO] CADModel:114 - Register for checkConnection events
2024-02-25 13:31:18,651 [FATAL] Updater:308 - Updater called before beeing initialized
2024-02-25 13:31:18,651 [ERROR] CADModel:125 - Updater not yet initialized, retry later 
2024-02-25 13:31:18,861 [INFO] CADModel:165 - CPN selected for project level
2024-02-25 13:31:18,861 [INFO] CADModel:114 - Register for checkConnection events
2024-02-25 13:31:18,861 [FATAL] Updater:308 - Updater called before beeing initialized
2024-02-25 13:31:18,861 [ERROR] CADModel:125 - Updater not yet initialized, retry later 
2024-02-25 13:31:18,865 [FATAL] Updater:308 - Updater called before beeing initialized
2024-02-25 13:31:18,981 [FATAL] Updater:308 - Updater called before beeing initialized
2024-02-25 13:31:18,989 [INFO] DbMcusAds:53 - JSON generation date=Wed Nov 29 11:52:27 CET 2023 (1701255147349)
2024-02-25 13:31:18,989 [FATAL] Updater:308 - Updater called before beeing initialized
2024-02-25 13:31:19,032 [WARN] DetailPanel:346 - Failed to get advertising image, set to default
2024-02-25 13:31:19,113 [FATAL] Updater:308 - Updater called before beeing initialized
2024-02-25 13:31:19,115 [FATAL] Updater:308 - Updater called before beeing initialized
2024-02-25 13:31:19,116 [FATAL] Updater:308 - Updater called before beeing initialized
2024-02-25 13:31:19,116 [WARN] DetailPanel:346 - Failed to get advertising image, set to default
2024-02-25 13:31:19,117 [FATAL] Updater:308 - Updater called before beeing initialized
2024-02-25 13:31:19,151 [ERROR] Updater:1120 - MainUpdater not yet initialized. External WinMGr cannot be set.
2024-02-25 13:31:19,153 [INFO] Updater:1056 - Updater Version found : 6.10.0
2024-02-25 13:31:19,173 [INFO] ApplicationProperties:184 - Using Application install path: /opt/st/stm32cubeide_1.14.0/plugins/com.st.stm32cube.common.mx_6.10.0.202311202037
2024-02-25 13:31:19,553 [INFO] MainUpdater:2873 - connection check result : 10
2024-02-25 13:31:19,554 [INFO] MainUpdater:290 - Updater Check For Update Now.
2024-02-25 13:31:19,554 [INFO] MicroXplorer:498 - Change Database Version : DB.6.0.100
2024-02-25 13:31:19,561 [INFO] McuFinderGlobals:63 - Set McuFinder mode to 2 (CubeIDE integrated)
2024-02-25 13:31:19,569 [INFO] UserAuth:404 - Internet connection configuration mode: 1
2024-02-25 13:31:19,586 [INFO] JxBrowserEngine:152 - Initiate JxBrowser Engine with user profile folder
2024-02-25 13:31:19,746 [INFO] CheckServerUpdateThread:120 - End of CheckServer Thread
2024-02-25 13:31:20,652 [WARN] PackLoader:240 - Cannot read IP mode file for STMicroelectronics.X-CUBE-SMBUS.2.1.0
2024-02-25 13:31:20,669 [WARN] PackLoader:240 - Cannot read IP mode file for STMicroelectronics.X-CUBE-TOUCHGFX.4.23.0
2024-02-25 13:31:20,719 [WARN] PackLoader:240 - Cannot read IP mode file for STMicroelectronics.X-CUBE-AZRTOS-F7.1.1.0
2024-02-25 13:31:20,742 [WARN] PackLoader:240 - Cannot read IP mode file for STMicroelectronics.FP-SNS-MOTENV1.4.3.2
2024-02-25 13:31:20,755 [WARN] PackLoader:240 - Cannot read IP mode file for STMicroelectronics.FP-SNS-FLIGHT1.5.0.2
2024-02-25 13:31:20,769 [WARN] PackLoader:240 - Cannot read IP mode file for STMicroelectronics.X-CUBE-DISPLAY.3.0.0
2024-02-25 13:31:20,791 [WARN] PackLoader:240 - Cannot read IP mode file for STMicroelectronics.X-CUBE-BLE1.7.0.0
2024-02-25 13:31:20,800 [WARN] PackLoader:240 - Cannot read IP mode file for emotas.I-CUBE-CANOPEN.1.3.0
2024-02-25 13:31:20,807 [WARN] PackLoader:240 - Cannot read IP mode file for STMicroelectronics.FP-SNS-SMARTAG2.1.2.0
2024-02-25 13:31:20,827 [INFO] LogOutputStream:77 - [STDOUT_REDIRECT] 1 : Invalid condition id : UX_CORESTACK_Condition cause : null
2024-02-25 13:31:20,828 [INFO] LogOutputStream:77 - [STDOUT_REDIRECT] 1 : Invalid condition id : UX_CORESTACK_Condition cause : null
2024-02-25 13:31:20,828 [INFO] LogOutputStream:77 - [STDOUT_REDIRECT] 1 : Invalid condition id : UX_CORESTACK_Condition cause : null
2024-02-25 13:31:20,829 [INFO] LogOutputStream:77 - [STDOUT_REDIRECT] 1 : Invalid condition id : UX_CORESTACK_Condition cause : null
2024-02-25 13:31:20,829 [INFO] LogOutputStream:77 - [STDOUT_REDIRECT] 1 : Invalid condition id : UX_CORESTACK_Condition cause : null
2024-02-25 13:31:20,837 [WARN] PackLoader:240 - Cannot read IP mode file for STMicroelectronics.X-CUBE-AZRTOS-WL.2.0.0
2024-02-25 13:31:20,851 [WARN] PackLoader:240 - Cannot read IP mode file for WES.I-CUBE-Cesium.1.3.0
2024-02-25 13:31:20,858 [WARN] PackLoader:240 - Cannot read IP mode file for STMicroelectronics.X-CUBE-BLE2.3.3.0
2024-02-25 13:31:20,867 [WARN] PackLoader:240 - Cannot read IP mode file for STMicroelectronics.X-CUBE-ALGOBUILD.1.3.0
2024-02-25 13:31:20,899 [WARN] PackLoader:240 - Cannot read IP mode file for STMicroelectronics.X-CUBE-AZRTOS-G0.1.1.0
2024-02-25 13:31:20,911 [WARN] PackLoader:240 - Cannot read IP mode file for STMicroelectronics.X-CUBE-NFC4.3.0.0
2024-02-25 13:31:20,931 [WARN] PackLoader:240 - Cannot read IP mode file for STMicroelectronics.X-CUBE-BLEMGR.3.0.0
2024-02-25 13:31:20,941 [WARN] PackLoader:240 - Cannot read IP mode file for STMicroelectronics.FP-ATR-SIGFOX1.3.2.0
2024-02-25 13:31:20,948 [WARN] PackLoader:240 - Cannot read IP mode file for STMicroelectronics.X-CUBE-EEPRMA1.5.1.0
2024-02-25 13:31:21,058 [WARN] PackLoader:240 - Cannot read IP mode file for SEGGER.I-CUBE-embOS.1.3.1
2024-02-25 13:31:21,147 [WARN] PackLoader:240 - Cannot read IP mode file for STMicroelectronics.X-CUBE-GNSS1.6.0.0
2024-02-25 13:31:21,240 [WARN] PackLoader:240 - Cannot read IP mode file for STMicroelectronics.X-CUBE-AZRTOS-F4.1.1.0
2024-02-25 13:31:21,258 [WARN] PackLoader:240 - Cannot read IP mode file for wolfSSL.I-CUBE-wolfSSL.5.6.4
2024-02-25 13:31:21,296 [WARN] PackLoader:240 - Cannot read IP mode file for STMicroelectronics.X-CUBE-AZRTOS-L5.2.0.0
2024-02-25 13:31:21,305 [WARN] PackLoader:240 - Cannot read IP mode file for STMicroelectronics.X-CUBE-EEPRMA1.4.2.0
2024-02-25 13:31:21,317 [WARN] PackLoader:240 - Cannot read IP mode file for ITTIA_DB.I-CUBE-ITTIADB.8.8.0
2024-02-25 13:31:21,322 [WARN] PackLoader:240 - Cannot read IP mode file for STMicroelectronics.X-CUBE-NFC7.1.0.1
2024-02-25 13:31:21,339 [WARN] PackLoader:240 - Cannot read IP mode file for STMicroelectronics.X-CUBE-NFC6.3.0.0
2024-02-25 13:31:21,346 [WARN] PackLoader:240 - Cannot read IP mode file for STMicroelectronics.X-CUBE-AI.8.1.0
2024-02-25 13:31:21,373 [WARN] ConditionMgr:438 - getConditionDescription Invalid condition id : LAN8742 Phy interface Condition cause : null
2024-02-25 13:31:21,377 [WARN] PackLoader:240 - Cannot read IP mode file for STMicroelectronics.X-CUBE-AZRTOS-L4.2.0.0
2024-02-25 13:31:21,379 [WARN] ConditionMgr:1039 - genDependencies : Invalid condition id : LAN8742 Phy interface Condition cause : null
2024-02-25 13:31:21,379 [WARN] ConditionMgr:1039 - genDependencies : Invalid condition id : LAN8742 Phy interface Condition cause : null
2024-02-25 13:31:21,380 [WARN] ConditionMgr:1039 - genDependencies : Invalid condition id : LAN8742 Phy interface Condition cause : null
2024-02-25 13:31:21,392 [WARN] PackLoader:240 - Cannot read IP mode file for STMicroelectronics.X-CUBE-SFXS2LP1.4.0.0
2024-02-25 13:31:21,430 [WARN] ConditionMgr:438 - getConditionDescription Invalid condition id : UX DEVICE CLASS RTOS Condition cause : null
2024-02-25 13:31:21,431 [WARN] ConditionMgr:438 - getConditionDescription Invalid condition id : UX DEVICE CLASS RTOS Condition cause : null
2024-02-25 13:31:21,435 [WARN] PackLoader:240 - Cannot read IP mode file for STMicroelectronics.X-CUBE-AZRTOS-WB.2.0.0
2024-02-25 13:31:21,436 [WARN] ConditionMgr:1039 - genDependencies : Invalid condition id : UX DEVICE CLASS RTOS Condition cause : null
2024-02-25 13:31:21,437 [WARN] ConditionMgr:1039 - genDependencies : Invalid condition id : UX DEVICE CLASS RTOS Condition cause : null
2024-02-25 13:31:21,437 [WARN] ConditionMgr:1039 - genDependencies : Invalid condition id : UX DEVICE CLASS RTOS Condition cause : null
2024-02-25 13:31:21,438 [WARN] ConditionMgr:1039 - genDependencies : Invalid condition id : UX DEVICE CLASS RTOS Condition cause : null
2024-02-25 13:31:21,438 [WARN] ConditionMgr:1039 - genDependencies : Invalid condition id : UX DEVICE CLASS RTOS Condition cause : null
2024-02-25 13:31:21,455 [WARN] PackLoader:240 - Cannot read IP mode file for STMicroelectronics.X-CUBE-SUBG2.5.0.0
2024-02-25 13:31:21,519 [WARN] PackLoader:240 - Cannot read IP mode file for STMicroelectronics.X-CUBE-AZRTOS-G4.2.0.0
2024-02-25 13:31:21,540 [WARN] PackLoader:240 - Cannot read IP mode file for Infineon.AIROC-Wi-Fi-Bluetooth-STM32.1.5.1
2024-02-25 13:31:21,550 [WARN] PackLoader:240 - Cannot read IP mode file for STMicroelectronics.FP-SNS-MOTENVWB1.1.3.1
2024-02-25 13:31:21,555 [WARN] PackLoader:240 - Cannot read IP mode file for STMicroelectronics.X-CUBE-ISPU.2.0.0
2024-02-25 13:31:21,674 [WARN] PackLoader:240 - Cannot read IP mode file for STMicroelectronics.X-CUBE-MEMS1.10.0.0
2024-02-25 13:31:21,790 [INFO] WebApp:161 - Instantiating new browser for Auth
2024-02-25 13:31:21,933 [WARN] PackLoader:240 - Cannot read IP mode file for STMicroelectronics.X-CUBE-FREERTOS.1.1.0
2024-02-25 13:31:21,960 [WARN] PackLoader:240 - Cannot read IP mode file for portGmbH.I-Cube-SoM-uGOAL.1.1.0
2024-02-25 13:31:21,967 [WARN] PackLoader:240 - Cannot read IP mode file for STMicroelectronics.X-CUBE-ALS.1.0.1
2024-02-25 13:31:21,989 [WARN] PackLoader:240 - Cannot read IP mode file for STMicroelectronics.FP-ATR-ASTRA1.2.0.0
2024-02-25 13:31:22,003 [WARN] PackLoader:240 - Cannot read IP mode file for STMicroelectronics.X-CUBE-TOF1.3.4.0
2024-02-25 13:31:22,052 [WARN] PackLoader:240 - Cannot read IP mode file for STMicroelectronics.X-CUBE-AZRTOS-H7.3.2.0
2024-02-25 13:31:22,059 [INFO] ThirdParty:978 - Integrity check success = true
2024-02-25 13:31:22,060 [INFO] IntegrityCheckThread:100 - exiting critical section [integrity check]
2024-02-25 13:31:22,060 [INFO] IntegrityCheckThread:103 - End integrity checks thread
2024-02-25 13:31:22,819 [INFO] WebApp:780 - Register for checkConnection events
2024-02-25 13:31:22,819 [INFO] WebApp:414 - Apply proxy settings
2024-02-25 13:31:22,819 [INFO] WebApp:499 - Chromium requires no authentication
2024-02-25 13:31:22,826 [INFO] WebApp:442 - Direct internet connection detected
2024-02-25 13:31:22,998 [INFO] WebApp:192 - Starting web application
2024-02-25 13:31:22,999 [INFO] WebApp:544 - Web application path used /opt/st/stm32cubeide_1.14.0/plugins/com.st.stm32cube.common.mx_6.10.0.202311202037/db/plugins/mcufinder/reactClient1/index.html
2024-02-25 13:31:43,703 [ERROR] LogOutputStream:75 - [STDERR_REDIRECT] SLF4J: Failed to load class "org.slf4j.impl.StaticLoggerBinder".
2024-02-25 13:31:43,704 [ERROR] LogOutputStream:75 - [STDERR_REDIRECT] SLF4J: Defaulting to no-operation (NOP) logger implementation
2024-02-25 13:31:43,704 [ERROR] LogOutputStream:75 - [STDERR_REDIRECT] SLF4J: See http://www.slf4j.org/codes.html#StaticLoggerBinder for further details.
2024-02-25 14:00:36,120 [ERROR] LogOutputStream:75 - [STDERR_REDIRECT] 
2024-02-25 14:58:14,395 [INFO] Activator:176 - 


2024-02-25 14:58:14,397 [INFO] Activator:177 - !SESSION log4j initialized
2024-02-25 14:58:19,315 [INFO] LogOutputStream:77 - [STDOUT_REDIRECT] 
2024-02-25 14:58:21,231 [INFO] ApplicationProperties:184 - Using Application install path: /opt/st/stm32cubeide_1.14.0/plugins/com.st.stm32cube.common.mx_6.10.0.202311202037
2024-02-25 14:58:21,247 [INFO] DbMcusXml:78 - Set database path to: /opt/st/stm32cubeide_1.14.0/plugins/com.st.stm32cube.common.mx_6.10.0.202311202037//db//mcu/
2024-02-25 14:58:21,247 [INFO] ApiDb:274 - Set plugin database path to: /opt/st/stm32cubeide_1.14.0/plugins/com.st.stm32cube.common.mx_6.10.0.202311202037//db//plugins/boardmanager/
2024-02-25 14:58:21,247 [WARN] ApiDb:259 - Overriding images path with different value:  => /opt/st/stm32cubeide_1.14.0/plugins/com.st.stm32cube.common.mx_6.10.0.202311202037//db//plugins/mcufinder/images/
2024-02-25 14:58:21,255 [INFO] ApiDb:250 - Set database path to: /home/mondher/.stmcufinder/plugins/mcufinder//mcu/
2024-02-25 14:58:21,256 [INFO] DbMcusAds:125 - Set database path to: /home/mondher/.stmcufinder/plugins/mcufinder//mcu/
2024-02-25 14:58:22,259 [INFO] CrossReferenceDbSqlite:203 - Set database path to: /home/mondher/.stmcufinder/plugins/mcufinder//mcu/cs/
2024-02-25 14:58:22,378 [INFO] RulesReader:64 - Compatibility file has been processed (297 Rules)
2024-02-25 14:58:22,431 [INFO] DbMcusXml:78 - Set database path to: /opt/st/stm32cubeide_1.14.0/plugins/com.st.stm32cube.common.mx_6.10.0.202311202037//db//mcu/
2024-02-25 14:58:22,431 [INFO] ApiDb:274 - Set plugin database path to: /opt/st/stm32cubeide_1.14.0/plugins/com.st.stm32cube.common.mx_6.10.0.202311202037//db//plugins/boardmanager/
2024-02-25 14:58:22,431 [INFO] ApiDb:261 - Set plugin images path to: /opt/st/stm32cubeide_1.14.0/plugins/com.st.stm32cube.common.mx_6.10.0.202311202037//db//plugins/mcufinder/images/
2024-02-25 14:58:22,431 [WARN] DbFile:41 - Overriding database path with different value: /home/mondher/.stmcufinder/plugins/mcufinder/ => /home/mondher/.stmcufinder/plugins/mcufinder
2024-02-25 14:58:22,432 [INFO] ApiDb:250 - Set database path to: /home/mondher/.stmcufinder/plugins/mcufinder//mcu/
2024-02-25 14:58:22,432 [WARN] DbFile:41 - Overriding database path with different value: /home/mondher/.stmcufinder/plugins/mcufinder/ => /home/mondher/.stmcufinder/plugins/mcufinder
2024-02-25 14:58:22,432 [INFO] DbMcusAds:125 - Set database path to: /home/mondher/.stmcufinder/plugins/mcufinder//mcu/
2024-02-25 14:58:22,432 [WARN] DbFile:41 - Overriding database path with different value: /home/mondher/.stmcufinder/plugins/mcufinder/ => /home/mondher/.stmcufinder/plugins/mcufinder
2024-02-25 14:58:22,432 [WARN] DbFile:41 - Overriding database path with different value: /home/mondher/.stmcufinder/plugins/mcufinder/ => /home/mondher/.stmcufinder/plugins/mcufinder
2024-02-25 14:58:23,433 [INFO] CrossReferenceDbSqlite:203 - Set database path to: /home/mondher/.stmcufinder/plugins/mcufinder//mcu/cs/
2024-02-25 14:58:23,494 [INFO] MainPanel:264 - HeapMemory: 268435456
2024-02-25 14:58:23,584 [INFO] DbMcusXml:78 - Set database path to: /opt/st/stm32cubeide_1.14.0/plugins/com.st.stm32cube.common.mx_6.10.0.202311202037//db//mcu/
2024-02-25 14:58:23,584 [INFO] ApiDb:274 - Set plugin database path to: /opt/st/stm32cubeide_1.14.0/plugins/com.st.stm32cube.common.mx_6.10.0.202311202037//db//plugins/boardmanager/
2024-02-25 14:58:23,584 [INFO] ApiDb:261 - Set plugin images path to: /opt/st/stm32cubeide_1.14.0/plugins/com.st.stm32cube.common.mx_6.10.0.202311202037//db//plugins/mcufinder/images/
2024-02-25 14:58:23,584 [WARN] DbFile:41 - Overriding database path with different value: /home/mondher/.stmcufinder/plugins/mcufinder/ => /home/mondher/.stmcufinder/plugins/mcufinder
2024-02-25 14:58:23,584 [INFO] ApiDb:250 - Set database path to: /home/mondher/.stmcufinder/plugins/mcufinder//mcu/
2024-02-25 14:58:23,585 [WARN] DbFile:41 - Overriding database path with different value: /home/mondher/.stmcufinder/plugins/mcufinder/ => /home/mondher/.stmcufinder/plugins/mcufinder
2024-02-25 14:58:23,585 [INFO] DbMcusAds:125 - Set database path to: /home/mondher/.stmcufinder/plugins/mcufinder//mcu/
2024-02-25 14:58:23,585 [WARN] DbFile:41 - Overriding database path with different value: /home/mondher/.stmcufinder/plugins/mcufinder/ => /home/mondher/.stmcufinder/plugins/mcufinder
2024-02-25 14:58:23,585 [WARN] DbFile:41 - Overriding database path with different value: /home/mondher/.stmcufinder/plugins/mcufinder/ => /home/mondher/.stmcufinder/plugins/mcufinder
2024-02-25 14:58:24,586 [INFO] CrossReferenceDbSqlite:203 - Set database path to: /home/mondher/.stmcufinder/plugins/mcufinder//mcu/cs/
2024-02-25 14:58:24,606 [INFO] ApplicationProperties:184 - Using Application install path: /opt/st/stm32cubeide_1.14.0/plugins/com.st.stm32cube.common.mx_6.10.0.202311202037
2024-02-25 14:58:24,607 [INFO] PluginManage:196 - Search for loadable plugins [exclusion list=, ]
2024-02-25 14:58:24,609 [INFO] PluginManage:310 - Check plugin analytics
2024-02-25 14:58:25,755 [INFO] AnalyticsPlugin:253 - Accepted Software Licenses: 
2024-02-25 14:58:25,756 [INFO] AnalyticsPlugin:255 - Accepted CMSIS Pack Licenses: 
2024-02-25 14:58:25,756 [INFO] AnalyticsPlugin:257 - Accepted Firmware Licenses: 
2024-02-25 14:58:25,759 [INFO] PluginManage:359 - Loaded plugin analytics (category:tool,tabindex:-1)
2024-02-25 14:58:25,759 [INFO] PluginManage:310 - Check plugin cadmodel
2024-02-25 14:58:25,786 [INFO] CADModel:105 - Init CAD model plugin
2024-02-25 14:58:25,787 [INFO] PluginManage:359 - Loaded plugin cadmodel (category:power,tabindex:5)
2024-02-25 14:58:25,787 [INFO] PluginManage:310 - Check plugin clock
2024-02-25 14:58:25,797 [INFO] PluginManage:359 - Loaded plugin clock (category:base,tabindex:2)
2024-02-25 14:58:25,797 [INFO] PluginManage:310 - Check plugin ddr
2024-02-25 14:58:25,800 [INFO] PluginManage:359 - Loaded plugin ddr (category:tool,tabindex:6)
2024-02-25 14:58:25,800 [INFO] PluginManage:310 - Check plugin filemanager
2024-02-25 14:58:25,948 [INFO] PluginManage:359 - Loaded plugin filemanager (category:base,tabindex:10)
2024-02-25 14:58:25,949 [INFO] PluginManage:310 - Check plugin ipmanager
2024-02-25 14:58:25,954 [INFO] PluginManage:359 - Loaded plugin ipmanager (category:base,tabindex:5)
2024-02-25 14:58:25,954 [INFO] PluginManage:310 - Check plugin lpbam
2024-02-25 14:58:25,961 [INFO] PluginManage:359 - Loaded plugin lpbam (category:base,tabindex:0)
2024-02-25 14:58:25,962 [INFO] PluginManage:310 - Check plugin memorymap
2024-02-25 14:58:25,971 [INFO] PluginManage:359 - Loaded plugin memorymap (category:base,tabindex:4)
2024-02-25 14:58:25,971 [INFO] PluginManage:310 - Check plugin pinoutandconfiguration
2024-02-25 14:58:25,980 [INFO] PluginManage:359 - Loaded plugin pinoutandconfiguration (category:base,tabindex:1)
2024-02-25 14:58:25,980 [INFO] PluginManage:310 - Check plugin pinoutconfig
2024-02-25 14:58:26,074 [WARN] SupportedApi:132 - Cannot load RTOS API schema: s4s-elt-must-match.1: The content of 'definitions' must match (annotation?, (simpleType | complexType)?, (unique | key | keyref)*)). A problem was found starting at: attribute.
2024-02-25 14:58:26,206 [INFO] PluginManage:359 - Loaded plugin pinoutconfig (category:base,tabindex:0)
2024-02-25 14:58:26,206 [INFO] PluginManage:310 - Check plugin power
2024-02-25 14:58:26,216 [INFO] PluginManage:359 - Loaded plugin power (category:power,tabindex:4)
2024-02-25 14:58:26,217 [INFO] PluginManage:310 - Check plugin projectmanager
2024-02-25 14:58:26,233 [INFO] PluginManage:359 - Loaded plugin projectmanager (category:projectmanager,tabindex:3)
2024-02-25 14:58:26,233 [INFO] PluginManage:310 - Check plugin thirdparty
2024-02-25 14:58:26,363 [INFO] PluginManage:359 - Loaded plugin thirdparty (category:base,tabindex:-1)
2024-02-25 14:58:26,363 [WARN] IntegrityCheckThread:84 - waiting for thirdparty lock release [integrity check]
2024-02-25 14:58:26,363 [INFO] PluginManage:310 - Check plugin tools
2024-02-25 14:58:26,363 [INFO] IntegrityCheckThread:86 - entering critical section [integrity check]
2024-02-25 14:58:26,364 [INFO] ThirdPartyUpdaterWithRetryManager:70 - Updater plugin not ready yet. [1/15]
2024-02-25 14:58:26,366 [INFO] PluginManage:359 - Loaded plugin tools (category:base,tabindex:7)
2024-02-25 14:58:26,366 [INFO] PluginManage:310 - Check plugin tutovideos
2024-02-25 14:58:26,559 [INFO] PluginManage:359 - Loaded plugin tutovideos (category:base,tabindex:-1)
2024-02-25 14:58:26,559 [INFO] PluginManage:310 - Check plugin updater
2024-02-25 14:58:26,570 [INFO] PluginManage:359 - Loaded plugin updater (category:base,tabindex:12)
2024-02-25 14:58:26,571 [INFO] PluginManage:310 - Check plugin userauth
2024-02-25 14:58:26,576 [INFO] UserAuth:114 - Init User Auth plugin
2024-02-25 14:58:26,576 [INFO] PluginManage:359 - Loaded plugin userauth (category:base,tabindex:14)
2024-02-25 14:58:26,577 [INFO] PluginManage:283 - PluginManage : Loaded plugins [17]
2024-02-25 14:58:26,786 [INFO] PinOutPanel:1499 - setPackage(No Configuration,No Configuration)
2024-02-25 14:58:26,849 [INFO] CADModel:165 - CPN selected for project level
2024-02-25 14:58:26,850 [INFO] CADModel:114 - Register for checkConnection events
2024-02-25 14:58:26,863 [INFO] IPUIPlugin:80 - create IPUIPlugin
2024-02-25 14:58:26,863 [INFO] PluginManager:220 - loadIPPluginJar : add usbx
2024-02-25 14:58:26,866 [INFO] IPUIPlugin:80 - create IPUIPlugin
2024-02-25 14:58:26,866 [INFO] PluginManager:220 - loadIPPluginJar : add lorawan
2024-02-25 14:58:26,869 [INFO] IPUIPlugin:80 - create IPUIPlugin
2024-02-25 14:58:26,869 [INFO] PluginManager:220 - loadIPPluginJar : add pdm2pcm
2024-02-25 14:58:26,872 [INFO] IPUIPlugin:80 - create IPUIPlugin
2024-02-25 14:58:26,872 [INFO] PluginManager:220 - loadIPPluginJar : add i2s
2024-02-25 14:58:26,878 [INFO] IPUIPlugin:80 - create IPUIPlugin
2024-02-25 14:58:26,879 [INFO] PluginManager:220 - loadIPPluginJar : add dma
2024-02-25 14:58:26,883 [INFO] IPUIPlugin:80 - create IPUIPlugin
2024-02-25 14:58:26,883 [INFO] PluginManager:220 - loadIPPluginJar : add nvic
2024-02-25 14:58:26,890 [INFO] IPUIPlugin:80 - create IPUIPlugin
2024-02-25 14:58:26,890 [INFO] PluginManager:220 - loadIPPluginJar : add freertos
2024-02-25 14:58:26,897 [INFO] IPUIPlugin:80 - create IPUIPlugin
2024-02-25 14:58:26,897 [INFO] PluginManager:220 - loadIPPluginJar : add stm32_wpan
2024-02-25 14:58:26,899 [INFO] IPUIPlugin:80 - create IPUIPlugin
2024-02-25 14:58:26,900 [INFO] PluginManager:220 - loadIPPluginJar : add dfsdm
2024-02-25 14:58:26,902 [INFO] IPUIPlugin:80 - create IPUIPlugin
2024-02-25 14:58:26,902 [INFO] PluginManager:220 - loadIPPluginJar : add spi
2024-02-25 14:58:26,904 [INFO] IPUIPlugin:80 - create IPUIPlugin
2024-02-25 14:58:26,904 [INFO] PluginManager:220 - loadIPPluginJar : add hash
2024-02-25 14:58:26,906 [INFO] IPUIPlugin:80 - create IPUIPlugin
2024-02-25 14:58:26,907 [INFO] PluginManager:220 - loadIPPluginJar : add gfxmmu
2024-02-25 14:58:26,913 [INFO] IPUIPlugin:80 - create IPUIPlugin
2024-02-25 14:58:26,916 [INFO] PluginManager:220 - loadIPPluginJar : add plateformsettings
2024-02-25 14:58:26,918 [INFO] IPUIPlugin:80 - create IPUIPlugin
2024-02-25 14:58:26,918 [INFO] PluginManager:220 - loadIPPluginJar : add genericplugin
2024-02-25 14:58:26,920 [INFO] IPUIPlugin:80 - create IPUIPlugin
2024-02-25 14:58:26,920 [INFO] PluginManager:220 - loadIPPluginJar : add tim
2024-02-25 14:58:26,922 [INFO] IPUIPlugin:80 - create IPUIPlugin
2024-02-25 14:58:26,922 [INFO] PluginManager:220 - loadIPPluginJar : add quadspi
2024-02-25 14:58:26,924 [INFO] IPUIPlugin:80 - create IPUIPlugin
2024-02-25 14:58:26,924 [INFO] PluginManager:220 - loadIPPluginJar : add openamp
2024-02-25 14:58:26,927 [INFO] IPUIPlugin:80 - create IPUIPlugin
2024-02-25 14:58:26,927 [INFO] PluginManager:220 - loadIPPluginJar : add dma3
2024-02-25 14:58:26,929 [INFO] IPUIPlugin:80 - create IPUIPlugin
2024-02-25 14:58:26,929 [INFO] PluginManager:220 - loadIPPluginJar : add cryp
2024-02-25 14:58:26,934 [INFO] IPUIPlugin:80 - create IPUIPlugin
2024-02-25 14:58:26,934 [INFO] PluginManager:220 - loadIPPluginJar : add gpio
2024-02-25 14:58:26,941 [INFO] IPUIPlugin:80 - create IPUIPlugin
2024-02-25 14:58:26,941 [INFO] PluginManager:220 - loadIPPluginJar : add adc
2024-02-25 14:58:26,942 [INFO] IPUIPlugin:80 - create IPUIPlugin
2024-02-25 14:58:26,943 [INFO] PluginManager:220 - loadIPPluginJar : add ltdc
2024-02-25 14:58:26,945 [INFO] IPUIPlugin:80 - create IPUIPlugin
2024-02-25 14:58:26,945 [INFO] PluginManager:220 - loadIPPluginJar : add usart
2024-02-25 14:58:26,948 [INFO] IPUIPlugin:80 - create IPUIPlugin
2024-02-25 14:58:26,948 [INFO] PluginManager:220 - loadIPPluginJar : add gtzc
2024-02-25 14:58:26,950 [INFO] IPUIPlugin:80 - create IPUIPlugin
2024-02-25 14:58:26,950 [INFO] PluginManager:220 - loadIPPluginJar : add ucpd
2024-02-25 14:58:26,956 [INFO] IPUIPlugin:80 - create IPUIPlugin
2024-02-25 14:58:26,957 [INFO] PluginManager:220 - loadIPPluginJar : add gic
2024-02-25 14:58:26,959 [INFO] IPUIPlugin:80 - create IPUIPlugin
2024-02-25 14:58:26,959 [INFO] PluginManager:220 - loadIPPluginJar : add i3c
2024-02-25 14:58:26,961 [INFO] IPUIPlugin:80 - create IPUIPlugin
2024-02-25 14:58:26,961 [INFO] PluginManager:220 - loadIPPluginJar : add comp
2024-02-25 14:58:26,964 [INFO] IPUIPlugin:80 - create IPUIPlugin
2024-02-25 14:58:26,964 [INFO] PluginManager:220 - loadIPPluginJar : add opamp
2024-02-25 14:58:26,966 [INFO] IPUIPlugin:80 - create IPUIPlugin
2024-02-25 14:58:26,967 [INFO] PluginManager:220 - loadIPPluginJar : add aes
2024-02-25 14:58:26,969 [INFO] IPUIPlugin:80 - create IPUIPlugin
2024-02-25 14:58:26,969 [INFO] PluginManager:220 - loadIPPluginJar : add can
2024-02-25 14:58:26,971 [INFO] IPUIPlugin:80 - create IPUIPlugin
2024-02-25 14:58:26,971 [INFO] PluginManager:220 - loadIPPluginJar : add ts
2024-02-25 14:58:26,976 [INFO] IPUIPlugin:80 - create IPUIPlugin
2024-02-25 14:58:26,976 [INFO] PluginManager:220 - loadIPPluginJar : add fmc
2024-02-25 14:58:26,983 [INFO] IPUIPlugin:80 - create IPUIPlugin
2024-02-25 14:58:26,983 [INFO] PluginManager:220 - loadIPPluginJar : add mdma
2024-02-25 14:58:26,986 [INFO] IPUIPlugin:80 - create IPUIPlugin
2024-02-25 14:58:26,986 [INFO] PluginManager:220 - loadIPPluginJar : add sai
2024-02-25 14:58:26,989 [INFO] IPUIPlugin:80 - create IPUIPlugin
2024-02-25 14:58:26,989 [INFO] PluginManager:220 - loadIPPluginJar : add ipddr
2024-02-25 14:58:26,992 [INFO] IPUIPlugin:80 - create IPUIPlugin
2024-02-25 14:58:26,993 [INFO] PluginManager:220 - loadIPPluginJar : add touchsensing
2024-02-25 14:58:26,995 [INFO] IPUIPlugin:80 - create IPUIPlugin
2024-02-25 14:58:26,995 [INFO] PluginManager:220 - loadIPPluginJar : add i2c
2024-02-25 14:58:26,998 [INFO] IPUIPlugin:80 - create IPUIPlugin
2024-02-25 14:58:26,998 [INFO] PluginManager:220 - loadIPPluginJar : add tracer_emb
2024-02-25 14:58:26,999 [INFO] IPUIPlugin:80 - create IPUIPlugin
2024-02-25 14:58:27,000 [INFO] PluginManager:220 - loadIPPluginJar : add fatfs
2024-02-25 14:58:27,007 [INFO] IPUIPlugin:80 - create IPUIPlugin
2024-02-25 14:58:27,007 [INFO] PluginManager:220 - loadIPPluginJar : add linkedlist
2024-02-25 14:58:27,011 [INFO] IPUIPlugin:80 - create IPUIPlugin
2024-02-25 14:58:27,011 [INFO] PluginManager:220 - loadIPPluginJar : add resmgrutility
2024-02-25 14:58:27,012 [INFO] IPUIPlugin:80 - create IPUIPlugin
2024-02-25 14:58:27,013 [INFO] PluginManager:220 - loadIPPluginJar : add tsc
2024-02-25 14:58:27,124 [INFO] CADModel:165 - CPN selected for project level
2024-02-25 14:58:27,124 [INFO] CADModel:114 - Register for checkConnection events
2024-02-25 14:58:27,125 [FATAL] Updater:308 - Updater called before beeing initialized
2024-02-25 14:58:27,125 [ERROR] CADModel:125 - Updater not yet initialized, retry later 
2024-02-25 14:58:27,253 [INFO] CADModel:165 - CPN selected for project level
2024-02-25 14:58:27,253 [INFO] CADModel:114 - Register for checkConnection events
2024-02-25 14:58:27,253 [FATAL] Updater:308 - Updater called before beeing initialized
2024-02-25 14:58:27,253 [ERROR] CADModel:125 - Updater not yet initialized, retry later 
2024-02-25 14:58:27,257 [FATAL] Updater:308 - Updater called before beeing initialized
2024-02-25 14:58:27,332 [FATAL] Updater:308 - Updater called before beeing initialized
2024-02-25 14:58:27,336 [INFO] DbMcusAds:53 - JSON generation date=Wed Nov 29 11:52:27 CET 2023 (1701255147349)
2024-02-25 14:58:27,336 [FATAL] Updater:308 - Updater called before beeing initialized
2024-02-25 14:58:27,369 [WARN] DetailPanel:346 - Failed to get advertising image, set to default
2024-02-25 14:58:27,477 [FATAL] Updater:308 - Updater called before beeing initialized
2024-02-25 14:58:27,479 [FATAL] Updater:308 - Updater called before beeing initialized
2024-02-25 14:58:27,479 [FATAL] Updater:308 - Updater called before beeing initialized
2024-02-25 14:58:27,479 [WARN] DetailPanel:346 - Failed to get advertising image, set to default
2024-02-25 14:58:27,480 [FATAL] Updater:308 - Updater called before beeing initialized
2024-02-25 14:58:27,510 [ERROR] Updater:1120 - MainUpdater not yet initialized. External WinMGr cannot be set.
2024-02-25 14:58:27,511 [INFO] Updater:1056 - Updater Version found : 6.10.0
2024-02-25 14:58:27,529 [INFO] ApplicationProperties:184 - Using Application install path: /opt/st/stm32cubeide_1.14.0/plugins/com.st.stm32cube.common.mx_6.10.0.202311202037
2024-02-25 14:58:27,836 [INFO] MainUpdater:2873 - connection check result : 10
2024-02-25 14:58:27,837 [INFO] MainUpdater:290 - Updater Check For Update Now.
2024-02-25 14:58:27,837 [INFO] MicroXplorer:498 - Change Database Version : DB.6.0.100
2024-02-25 14:58:27,846 [INFO] McuFinderGlobals:63 - Set McuFinder mode to 2 (CubeIDE integrated)
2024-02-25 14:58:27,852 [INFO] UserAuth:404 - Internet connection configuration mode: 1
2024-02-25 14:58:27,867 [INFO] JxBrowserEngine:152 - Initiate JxBrowser Engine with user profile folder
2024-02-25 14:58:28,019 [INFO] CheckServerUpdateThread:120 - End of CheckServer Thread
2024-02-25 14:58:28,509 [INFO] WebApp:161 - Instantiating new browser for Auth
2024-02-25 14:58:29,066 [INFO] WebApp:780 - Register for checkConnection events
2024-02-25 14:58:29,066 [INFO] WebApp:414 - Apply proxy settings
2024-02-25 14:58:29,066 [INFO] WebApp:499 - Chromium requires no authentication
2024-02-25 14:58:29,074 [INFO] WebApp:442 - Direct internet connection detected
2024-02-25 14:58:29,220 [INFO] WebApp:192 - Starting web application
2024-02-25 14:58:29,221 [INFO] WebApp:544 - Web application path used /opt/st/stm32cubeide_1.14.0/plugins/com.st.stm32cube.common.mx_6.10.0.202311202037/db/plugins/mcufinder/reactClient1/index.html
2024-02-25 14:58:29,511 [WARN] PackLoader:240 - Cannot read IP mode file for STMicroelectronics.X-CUBE-SMBUS.2.1.0
2024-02-25 14:58:29,518 [WARN] PackLoader:240 - Cannot read IP mode file for STMicroelectronics.X-CUBE-TOUCHGFX.4.23.0
2024-02-25 14:58:29,575 [WARN] PackLoader:240 - Cannot read IP mode file for STMicroelectronics.X-CUBE-AZRTOS-F7.1.1.0
2024-02-25 14:58:29,597 [WARN] PackLoader:240 - Cannot read IP mode file for STMicroelectronics.FP-SNS-MOTENV1.4.3.2
2024-02-25 14:58:29,607 [WARN] PackLoader:240 - Cannot read IP mode file for STMicroelectronics.FP-SNS-FLIGHT1.5.0.2
2024-02-25 14:58:29,621 [WARN] PackLoader:240 - Cannot read IP mode file for STMicroelectronics.X-CUBE-DISPLAY.3.0.0
2024-02-25 14:58:29,639 [WARN] PackLoader:240 - Cannot read IP mode file for STMicroelectronics.X-CUBE-BLE1.7.0.0
2024-02-25 14:58:29,646 [WARN] PackLoader:240 - Cannot read IP mode file for emotas.I-CUBE-CANOPEN.1.3.0
2024-02-25 14:58:29,654 [WARN] PackLoader:240 - Cannot read IP mode file for STMicroelectronics.FP-SNS-SMARTAG2.1.2.0
2024-02-25 14:58:29,671 [INFO] LogOutputStream:77 - [STDOUT_REDIRECT] 1 : Invalid condition id : UX_CORESTACK_Condition cause : null
2024-02-25 14:58:29,672 [INFO] LogOutputStream:77 - [STDOUT_REDIRECT] 1 : Invalid condition id : UX_CORESTACK_Condition cause : null
2024-02-25 14:58:29,672 [INFO] LogOutputStream:77 - [STDOUT_REDIRECT] 1 : Invalid condition id : UX_CORESTACK_Condition cause : null
2024-02-25 14:58:29,673 [INFO] LogOutputStream:77 - [STDOUT_REDIRECT] 1 : Invalid condition id : UX_CORESTACK_Condition cause : null
2024-02-25 14:58:29,673 [INFO] LogOutputStream:77 - [STDOUT_REDIRECT] 1 : Invalid condition id : UX_CORESTACK_Condition cause : null
2024-02-25 14:58:29,680 [WARN] PackLoader:240 - Cannot read IP mode file for STMicroelectronics.X-CUBE-AZRTOS-WL.2.0.0
2024-02-25 14:58:29,695 [WARN] PackLoader:240 - Cannot read IP mode file for WES.I-CUBE-Cesium.1.3.0
2024-02-25 14:58:29,701 [WARN] PackLoader:240 - Cannot read IP mode file for STMicroelectronics.X-CUBE-BLE2.3.3.0
2024-02-25 14:58:29,709 [WARN] PackLoader:240 - Cannot read IP mode file for STMicroelectronics.X-CUBE-ALGOBUILD.1.3.0
2024-02-25 14:58:29,760 [WARN] PackLoader:240 - Cannot read IP mode file for STMicroelectronics.X-CUBE-AZRTOS-G0.1.1.0
2024-02-25 14:58:29,783 [WARN] PackLoader:240 - Cannot read IP mode file for STMicroelectronics.X-CUBE-NFC4.3.0.0
2024-02-25 14:58:29,800 [WARN] PackLoader:240 - Cannot read IP mode file for STMicroelectronics.X-CUBE-BLEMGR.3.0.0
2024-02-25 14:58:29,815 [WARN] PackLoader:240 - Cannot read IP mode file for STMicroelectronics.FP-ATR-SIGFOX1.3.2.0
2024-02-25 14:58:29,822 [WARN] PackLoader:240 - Cannot read IP mode file for STMicroelectronics.X-CUBE-EEPRMA1.5.1.0
2024-02-25 14:58:29,875 [WARN] PackLoader:240 - Cannot read IP mode file for SEGGER.I-CUBE-embOS.1.3.1
2024-02-25 14:58:29,940 [WARN] PackLoader:240 - Cannot read IP mode file for STMicroelectronics.X-CUBE-GNSS1.6.0.0
2024-02-25 14:58:29,967 [WARN] PackLoader:240 - Cannot read IP mode file for STMicroelectronics.X-CUBE-AZRTOS-F4.1.1.0
2024-02-25 14:58:29,975 [WARN] PackLoader:240 - Cannot read IP mode file for wolfSSL.I-CUBE-wolfSSL.5.6.4
2024-02-25 14:58:30,000 [WARN] PackLoader:240 - Cannot read IP mode file for STMicroelectronics.X-CUBE-AZRTOS-L5.2.0.0
2024-02-25 14:58:30,021 [WARN] PackLoader:240 - Cannot read IP mode file for STMicroelectronics.X-CUBE-EEPRMA1.4.2.0
2024-02-25 14:58:30,027 [WARN] PackLoader:240 - Cannot read IP mode file for ITTIA_DB.I-CUBE-ITTIADB.8.8.0
2024-02-25 14:58:30,032 [WARN] PackLoader:240 - Cannot read IP mode file for STMicroelectronics.X-CUBE-NFC7.1.0.1
2024-02-25 14:58:30,042 [WARN] PackLoader:240 - Cannot read IP mode file for STMicroelectronics.X-CUBE-NFC6.3.0.0
2024-02-25 14:58:30,049 [WARN] PackLoader:240 - Cannot read IP mode file for STMicroelectronics.X-CUBE-AI.8.1.0
2024-02-25 14:58:30,073 [WARN] ConditionMgr:438 - getConditionDescription Invalid condition id : LAN8742 Phy interface Condition cause : null
2024-02-25 14:58:30,074 [WARN] PackLoader:240 - Cannot read IP mode file for STMicroelectronics.X-CUBE-AZRTOS-L4.2.0.0
2024-02-25 14:58:30,076 [WARN] ConditionMgr:1039 - genDependencies : Invalid condition id : LAN8742 Phy interface Condition cause : null
2024-02-25 14:58:30,077 [WARN] ConditionMgr:1039 - genDependencies : Invalid condition id : LAN8742 Phy interface Condition cause : null
2024-02-25 14:58:30,078 [WARN] ConditionMgr:1039 - genDependencies : Invalid condition id : LAN8742 Phy interface Condition cause : null
2024-02-25 14:58:30,087 [WARN] PackLoader:240 - Cannot read IP mode file for STMicroelectronics.X-CUBE-SFXS2LP1.4.0.0
2024-02-25 14:58:30,107 [WARN] ConditionMgr:438 - getConditionDescription Invalid condition id : UX DEVICE CLASS RTOS Condition cause : null
2024-02-25 14:58:30,108 [WARN] ConditionMgr:438 - getConditionDescription Invalid condition id : UX DEVICE CLASS RTOS Condition cause : null
2024-02-25 14:58:30,111 [WARN] PackLoader:240 - Cannot read IP mode file for STMicroelectronics.X-CUBE-AZRTOS-WB.2.0.0
2024-02-25 14:58:30,112 [WARN] ConditionMgr:1039 - genDependencies : Invalid condition id : UX DEVICE CLASS RTOS Condition cause : null
2024-02-25 14:58:30,113 [WARN] ConditionMgr:1039 - genDependencies : Invalid condition id : UX DEVICE CLASS RTOS Condition cause : null
2024-02-25 14:58:30,114 [WARN] ConditionMgr:1039 - genDependencies : Invalid condition id : UX DEVICE CLASS RTOS Condition cause : null
2024-02-25 14:58:30,114 [WARN] ConditionMgr:1039 - genDependencies : Invalid condition id : UX DEVICE CLASS RTOS Condition cause : null
2024-02-25 14:58:30,114 [WARN] ConditionMgr:1039 - genDependencies : Invalid condition id : UX DEVICE CLASS RTOS Condition cause : null
2024-02-25 14:58:30,127 [WARN] PackLoader:240 - Cannot read IP mode file for STMicroelectronics.X-CUBE-SUBG2.5.0.0
2024-02-25 14:58:30,160 [WARN] PackLoader:240 - Cannot read IP mode file for STMicroelectronics.X-CUBE-AZRTOS-G4.2.0.0
2024-02-25 14:58:30,179 [WARN] PackLoader:240 - Cannot read IP mode file for Infineon.AIROC-Wi-Fi-Bluetooth-STM32.1.5.1
2024-02-25 14:58:30,188 [WARN] PackLoader:240 - Cannot read IP mode file for STMicroelectronics.FP-SNS-MOTENVWB1.1.3.1
2024-02-25 14:58:30,192 [WARN] PackLoader:240 - Cannot read IP mode file for STMicroelectronics.X-CUBE-ISPU.2.0.0
2024-02-25 14:58:30,227 [WARN] PackLoader:240 - Cannot read IP mode file for STMicroelectronics.X-CUBE-MEMS1.10.0.0
2024-02-25 14:58:30,357 [WARN] PackLoader:240 - Cannot read IP mode file for STMicroelectronics.X-CUBE-FREERTOS.1.1.0
2024-02-25 14:58:30,362 [WARN] PackLoader:240 - Cannot read IP mode file for portGmbH.I-Cube-SoM-uGOAL.1.1.0
2024-02-25 14:58:30,367 [WARN] PackLoader:240 - Cannot read IP mode file for STMicroelectronics.X-CUBE-ALS.1.0.1
2024-02-25 14:58:30,372 [WARN] PackLoader:240 - Cannot read IP mode file for STMicroelectronics.FP-ATR-ASTRA1.2.0.0
2024-02-25 14:58:30,382 [WARN] PackLoader:240 - Cannot read IP mode file for STMicroelectronics.X-CUBE-TOF1.3.4.0
2024-02-25 14:58:30,419 [WARN] PackLoader:240 - Cannot read IP mode file for STMicroelectronics.X-CUBE-AZRTOS-H7.3.2.0
2024-02-25 14:58:30,424 [INFO] ThirdParty:978 - Integrity check success = true
2024-02-25 14:58:30,425 [INFO] IntegrityCheckThread:100 - exiting critical section [integrity check]
2024-02-25 14:58:30,425 [INFO] IntegrityCheckThread:103 - End integrity checks thread
2024-02-25 14:58:49,622 [ERROR] LogOutputStream:75 - [STDERR_REDIRECT] SLF4J: Failed to load class "org.slf4j.impl.StaticLoggerBinder".
2024-02-25 14:58:49,623 [ERROR] LogOutputStream:75 - [STDERR_REDIRECT] SLF4J: Defaulting to no-operation (NOP) logger implementation
2024-02-25 14:58:49,623 [ERROR] LogOutputStream:75 - [STDERR_REDIRECT] SLF4J: See http://www.slf4j.org/codes.html#StaticLoggerBinder for further details.
2024-02-25 18:54:25,077 [ERROR] LogOutputStream:75 - [STDERR_REDIRECT] 
2024-02-25 22:31:01,193 [INFO] Activator:176 - 


2024-02-25 22:31:01,195 [INFO] Activator:177 - !SESSION log4j initialized
2024-02-25 22:31:05,654 [INFO] LogOutputStream:77 - [STDOUT_REDIRECT] 
2024-02-25 22:31:07,235 [INFO] ApplicationProperties:184 - Using Application install path: /opt/st/stm32cubeide_1.14.0/plugins/com.st.stm32cube.common.mx_6.10.0.202311202037
2024-02-25 22:31:07,254 [INFO] DbMcusXml:78 - Set database path to: /opt/st/stm32cubeide_1.14.0/plugins/com.st.stm32cube.common.mx_6.10.0.202311202037//db//mcu/
2024-02-25 22:31:07,254 [INFO] ApiDb:274 - Set plugin database path to: /opt/st/stm32cubeide_1.14.0/plugins/com.st.stm32cube.common.mx_6.10.0.202311202037//db//plugins/boardmanager/
2024-02-25 22:31:07,254 [WARN] ApiDb:259 - Overriding images path with different value:  => /opt/st/stm32cubeide_1.14.0/plugins/com.st.stm32cube.common.mx_6.10.0.202311202037//db//plugins/mcufinder/images/
2024-02-25 22:31:07,263 [INFO] ApiDb:250 - Set database path to: /home/mondher/.stmcufinder/plugins/mcufinder//mcu/
2024-02-25 22:31:07,264 [INFO] DbMcusAds:125 - Set database path to: /home/mondher/.stmcufinder/plugins/mcufinder//mcu/
2024-02-25 22:31:08,268 [INFO] CrossReferenceDbSqlite:203 - Set database path to: /home/mondher/.stmcufinder/plugins/mcufinder//mcu/cs/
2024-02-25 22:31:08,378 [INFO] RulesReader:64 - Compatibility file has been processed (297 Rules)
2024-02-25 22:31:08,437 [INFO] DbMcusXml:78 - Set database path to: /opt/st/stm32cubeide_1.14.0/plugins/com.st.stm32cube.common.mx_6.10.0.202311202037//db//mcu/
2024-02-25 22:31:08,438 [INFO] ApiDb:274 - Set plugin database path to: /opt/st/stm32cubeide_1.14.0/plugins/com.st.stm32cube.common.mx_6.10.0.202311202037//db//plugins/boardmanager/
2024-02-25 22:31:08,438 [INFO] ApiDb:261 - Set plugin images path to: /opt/st/stm32cubeide_1.14.0/plugins/com.st.stm32cube.common.mx_6.10.0.202311202037//db//plugins/mcufinder/images/
2024-02-25 22:31:08,439 [WARN] DbFile:41 - Overriding database path with different value: /home/mondher/.stmcufinder/plugins/mcufinder/ => /home/mondher/.stmcufinder/plugins/mcufinder
2024-02-25 22:31:08,439 [INFO] ApiDb:250 - Set database path to: /home/mondher/.stmcufinder/plugins/mcufinder//mcu/
2024-02-25 22:31:08,439 [WARN] DbFile:41 - Overriding database path with different value: /home/mondher/.stmcufinder/plugins/mcufinder/ => /home/mondher/.stmcufinder/plugins/mcufinder
2024-02-25 22:31:08,439 [INFO] DbMcusAds:125 - Set database path to: /home/mondher/.stmcufinder/plugins/mcufinder//mcu/
2024-02-25 22:31:08,439 [WARN] DbFile:41 - Overriding database path with different value: /home/mondher/.stmcufinder/plugins/mcufinder/ => /home/mondher/.stmcufinder/plugins/mcufinder
2024-02-25 22:31:08,439 [WARN] DbFile:41 - Overriding database path with different value: /home/mondher/.stmcufinder/plugins/mcufinder/ => /home/mondher/.stmcufinder/plugins/mcufinder
2024-02-25 22:31:09,441 [INFO] CrossReferenceDbSqlite:203 - Set database path to: /home/mondher/.stmcufinder/plugins/mcufinder//mcu/cs/
2024-02-25 22:31:09,502 [INFO] MainPanel:264 - HeapMemory: 268435456
2024-02-25 22:31:09,592 [INFO] DbMcusXml:78 - Set database path to: /opt/st/stm32cubeide_1.14.0/plugins/com.st.stm32cube.common.mx_6.10.0.202311202037//db//mcu/
2024-02-25 22:31:09,592 [INFO] ApiDb:274 - Set plugin database path to: /opt/st/stm32cubeide_1.14.0/plugins/com.st.stm32cube.common.mx_6.10.0.202311202037//db//plugins/boardmanager/
2024-02-25 22:31:09,593 [INFO] ApiDb:261 - Set plugin images path to: /opt/st/stm32cubeide_1.14.0/plugins/com.st.stm32cube.common.mx_6.10.0.202311202037//db//plugins/mcufinder/images/
2024-02-25 22:31:09,593 [WARN] DbFile:41 - Overriding database path with different value: /home/mondher/.stmcufinder/plugins/mcufinder/ => /home/mondher/.stmcufinder/plugins/mcufinder
2024-02-25 22:31:09,593 [INFO] ApiDb:250 - Set database path to: /home/mondher/.stmcufinder/plugins/mcufinder//mcu/
2024-02-25 22:31:09,593 [WARN] DbFile:41 - Overriding database path with different value: /home/mondher/.stmcufinder/plugins/mcufinder/ => /home/mondher/.stmcufinder/plugins/mcufinder
2024-02-25 22:31:09,593 [INFO] DbMcusAds:125 - Set database path to: /home/mondher/.stmcufinder/plugins/mcufinder//mcu/
2024-02-25 22:31:09,593 [WARN] DbFile:41 - Overriding database path with different value: /home/mondher/.stmcufinder/plugins/mcufinder/ => /home/mondher/.stmcufinder/plugins/mcufinder
2024-02-25 22:31:09,593 [WARN] DbFile:41 - Overriding database path with different value: /home/mondher/.stmcufinder/plugins/mcufinder/ => /home/mondher/.stmcufinder/plugins/mcufinder
2024-02-25 22:31:10,595 [INFO] CrossReferenceDbSqlite:203 - Set database path to: /home/mondher/.stmcufinder/plugins/mcufinder//mcu/cs/
2024-02-25 22:31:10,614 [INFO] ApplicationProperties:184 - Using Application install path: /opt/st/stm32cubeide_1.14.0/plugins/com.st.stm32cube.common.mx_6.10.0.202311202037
2024-02-25 22:31:10,615 [INFO] PluginManage:196 - Search for loadable plugins [exclusion list=, ]
2024-02-25 22:31:10,616 [INFO] PluginManage:310 - Check plugin analytics
2024-02-25 22:31:11,765 [INFO] AnalyticsPlugin:253 - Accepted Software Licenses: 
2024-02-25 22:31:11,766 [INFO] AnalyticsPlugin:255 - Accepted CMSIS Pack Licenses: 
2024-02-25 22:31:11,766 [INFO] AnalyticsPlugin:257 - Accepted Firmware Licenses: 
2024-02-25 22:31:11,772 [INFO] PluginManage:359 - Loaded plugin analytics (category:tool,tabindex:-1)
2024-02-25 22:31:11,773 [INFO] PluginManage:310 - Check plugin cadmodel
2024-02-25 22:31:11,797 [INFO] CADModel:105 - Init CAD model plugin
2024-02-25 22:31:11,798 [INFO] PluginManage:359 - Loaded plugin cadmodel (category:power,tabindex:5)
2024-02-25 22:31:11,798 [INFO] PluginManage:310 - Check plugin clock
2024-02-25 22:31:11,809 [INFO] PluginManage:359 - Loaded plugin clock (category:base,tabindex:2)
2024-02-25 22:31:11,809 [INFO] PluginManage:310 - Check plugin ddr
2024-02-25 22:31:11,811 [INFO] PluginManage:359 - Loaded plugin ddr (category:tool,tabindex:6)
2024-02-25 22:31:11,811 [INFO] PluginManage:310 - Check plugin filemanager
2024-02-25 22:31:11,932 [INFO] PluginManage:359 - Loaded plugin filemanager (category:base,tabindex:10)
2024-02-25 22:31:11,932 [INFO] PluginManage:310 - Check plugin ipmanager
2024-02-25 22:31:11,937 [INFO] PluginManage:359 - Loaded plugin ipmanager (category:base,tabindex:5)
2024-02-25 22:31:11,938 [INFO] PluginManage:310 - Check plugin lpbam
2024-02-25 22:31:11,946 [INFO] PluginManage:359 - Loaded plugin lpbam (category:base,tabindex:0)
2024-02-25 22:31:11,947 [INFO] PluginManage:310 - Check plugin memorymap
2024-02-25 22:31:11,956 [INFO] PluginManage:359 - Loaded plugin memorymap (category:base,tabindex:4)
2024-02-25 22:31:11,956 [INFO] PluginManage:310 - Check plugin pinoutandconfiguration
2024-02-25 22:31:11,962 [INFO] PluginManage:359 - Loaded plugin pinoutandconfiguration (category:base,tabindex:1)
2024-02-25 22:31:11,962 [INFO] PluginManage:310 - Check plugin pinoutconfig
2024-02-25 22:31:12,044 [WARN] SupportedApi:132 - Cannot load RTOS API schema: s4s-elt-must-match.1: The content of 'definitions' must match (annotation?, (simpleType | complexType)?, (unique | key | keyref)*)). A problem was found starting at: attribute.
2024-02-25 22:31:12,172 [INFO] PluginManage:359 - Loaded plugin pinoutconfig (category:base,tabindex:0)
2024-02-25 22:31:12,172 [INFO] PluginManage:310 - Check plugin power
2024-02-25 22:31:12,180 [INFO] PluginManage:359 - Loaded plugin power (category:power,tabindex:4)
2024-02-25 22:31:12,180 [INFO] PluginManage:310 - Check plugin projectmanager
2024-02-25 22:31:12,193 [INFO] PluginManage:359 - Loaded plugin projectmanager (category:projectmanager,tabindex:3)
2024-02-25 22:31:12,194 [INFO] PluginManage:310 - Check plugin thirdparty
2024-02-25 22:31:12,310 [INFO] PluginManage:359 - Loaded plugin thirdparty (category:base,tabindex:-1)
2024-02-25 22:31:12,310 [WARN] IntegrityCheckThread:84 - waiting for thirdparty lock release [integrity check]
2024-02-25 22:31:12,310 [INFO] PluginManage:310 - Check plugin tools
2024-02-25 22:31:12,310 [INFO] IntegrityCheckThread:86 - entering critical section [integrity check]
2024-02-25 22:31:12,311 [INFO] ThirdPartyUpdaterWithRetryManager:70 - Updater plugin not ready yet. [1/15]
2024-02-25 22:31:12,312 [INFO] PluginManage:359 - Loaded plugin tools (category:base,tabindex:7)
2024-02-25 22:31:12,313 [INFO] PluginManage:310 - Check plugin tutovideos
2024-02-25 22:31:12,474 [INFO] PluginManage:359 - Loaded plugin tutovideos (category:base,tabindex:-1)
2024-02-25 22:31:12,474 [INFO] PluginManage:310 - Check plugin updater
2024-02-25 22:31:12,484 [INFO] PluginManage:359 - Loaded plugin updater (category:base,tabindex:12)
2024-02-25 22:31:12,484 [INFO] PluginManage:310 - Check plugin userauth
2024-02-25 22:31:12,490 [INFO] UserAuth:114 - Init User Auth plugin
2024-02-25 22:31:12,490 [INFO] PluginManage:359 - Loaded plugin userauth (category:base,tabindex:14)
2024-02-25 22:31:12,490 [INFO] PluginManage:283 - PluginManage : Loaded plugins [17]
2024-02-25 22:31:12,685 [INFO] PinOutPanel:1499 - setPackage(No Configuration,No Configuration)
2024-02-25 22:31:12,768 [INFO] CADModel:165 - CPN selected for project level
2024-02-25 22:31:12,768 [INFO] CADModel:114 - Register for checkConnection events
2024-02-25 22:31:12,780 [INFO] IPUIPlugin:80 - create IPUIPlugin
2024-02-25 22:31:12,780 [INFO] PluginManager:220 - loadIPPluginJar : add usbx
2024-02-25 22:31:12,782 [INFO] IPUIPlugin:80 - create IPUIPlugin
2024-02-25 22:31:12,783 [INFO] PluginManager:220 - loadIPPluginJar : add lorawan
2024-02-25 22:31:12,785 [INFO] IPUIPlugin:80 - create IPUIPlugin
2024-02-25 22:31:12,785 [INFO] PluginManager:220 - loadIPPluginJar : add pdm2pcm
2024-02-25 22:31:12,788 [INFO] IPUIPlugin:80 - create IPUIPlugin
2024-02-25 22:31:12,788 [INFO] PluginManager:220 - loadIPPluginJar : add i2s
2024-02-25 22:31:12,793 [INFO] IPUIPlugin:80 - create IPUIPlugin
2024-02-25 22:31:12,794 [INFO] PluginManager:220 - loadIPPluginJar : add dma
2024-02-25 22:31:12,797 [INFO] IPUIPlugin:80 - create IPUIPlugin
2024-02-25 22:31:12,797 [INFO] PluginManager:220 - loadIPPluginJar : add nvic
2024-02-25 22:31:12,802 [INFO] IPUIPlugin:80 - create IPUIPlugin
2024-02-25 22:31:12,802 [INFO] PluginManager:220 - loadIPPluginJar : add freertos
2024-02-25 22:31:12,807 [INFO] IPUIPlugin:80 - create IPUIPlugin
2024-02-25 22:31:12,808 [INFO] PluginManager:220 - loadIPPluginJar : add stm32_wpan
2024-02-25 22:31:12,809 [INFO] IPUIPlugin:80 - create IPUIPlugin
2024-02-25 22:31:12,809 [INFO] PluginManager:220 - loadIPPluginJar : add dfsdm
2024-02-25 22:31:12,811 [INFO] IPUIPlugin:80 - create IPUIPlugin
2024-02-25 22:31:12,811 [INFO] PluginManager:220 - loadIPPluginJar : add spi
2024-02-25 22:31:12,813 [INFO] IPUIPlugin:80 - create IPUIPlugin
2024-02-25 22:31:12,813 [INFO] PluginManager:220 - loadIPPluginJar : add hash
2024-02-25 22:31:12,814 [INFO] IPUIPlugin:80 - create IPUIPlugin
2024-02-25 22:31:12,815 [INFO] PluginManager:220 - loadIPPluginJar : add gfxmmu
2024-02-25 22:31:12,820 [INFO] IPUIPlugin:80 - create IPUIPlugin
2024-02-25 22:31:12,822 [INFO] PluginManager:220 - loadIPPluginJar : add plateformsettings
2024-02-25 22:31:12,824 [INFO] IPUIPlugin:80 - create IPUIPlugin
2024-02-25 22:31:12,824 [INFO] PluginManager:220 - loadIPPluginJar : add genericplugin
2024-02-25 22:31:12,826 [INFO] IPUIPlugin:80 - create IPUIPlugin
2024-02-25 22:31:12,826 [INFO] PluginManager:220 - loadIPPluginJar : add tim
2024-02-25 22:31:12,827 [INFO] IPUIPlugin:80 - create IPUIPlugin
2024-02-25 22:31:12,827 [INFO] PluginManager:220 - loadIPPluginJar : add quadspi
2024-02-25 22:31:12,829 [INFO] IPUIPlugin:80 - create IPUIPlugin
2024-02-25 22:31:12,829 [INFO] PluginManager:220 - loadIPPluginJar : add openamp
2024-02-25 22:31:12,830 [INFO] IPUIPlugin:80 - create IPUIPlugin
2024-02-25 22:31:12,831 [INFO] PluginManager:220 - loadIPPluginJar : add dma3
2024-02-25 22:31:12,832 [INFO] IPUIPlugin:80 - create IPUIPlugin
2024-02-25 22:31:12,832 [INFO] PluginManager:220 - loadIPPluginJar : add cryp
2024-02-25 22:31:12,836 [INFO] IPUIPlugin:80 - create IPUIPlugin
2024-02-25 22:31:12,836 [INFO] PluginManager:220 - loadIPPluginJar : add gpio
2024-02-25 22:31:12,841 [INFO] IPUIPlugin:80 - create IPUIPlugin
2024-02-25 22:31:12,841 [INFO] PluginManager:220 - loadIPPluginJar : add adc
2024-02-25 22:31:12,842 [INFO] IPUIPlugin:80 - create IPUIPlugin
2024-02-25 22:31:12,842 [INFO] PluginManager:220 - loadIPPluginJar : add ltdc
2024-02-25 22:31:12,844 [INFO] IPUIPlugin:80 - create IPUIPlugin
2024-02-25 22:31:12,844 [INFO] PluginManager:220 - loadIPPluginJar : add usart
2024-02-25 22:31:12,847 [INFO] IPUIPlugin:80 - create IPUIPlugin
2024-02-25 22:31:12,847 [INFO] PluginManager:220 - loadIPPluginJar : add gtzc
2024-02-25 22:31:12,848 [INFO] IPUIPlugin:80 - create IPUIPlugin
2024-02-25 22:31:12,849 [INFO] PluginManager:220 - loadIPPluginJar : add ucpd
2024-02-25 22:31:12,853 [INFO] IPUIPlugin:80 - create IPUIPlugin
2024-02-25 22:31:12,853 [INFO] PluginManager:220 - loadIPPluginJar : add gic
2024-02-25 22:31:12,856 [INFO] IPUIPlugin:80 - create IPUIPlugin
2024-02-25 22:31:12,856 [INFO] PluginManager:220 - loadIPPluginJar : add i3c
2024-02-25 22:31:12,857 [INFO] IPUIPlugin:80 - create IPUIPlugin
2024-02-25 22:31:12,857 [INFO] PluginManager:220 - loadIPPluginJar : add comp
2024-02-25 22:31:12,859 [INFO] IPUIPlugin:80 - create IPUIPlugin
2024-02-25 22:31:12,860 [INFO] PluginManager:220 - loadIPPluginJar : add opamp
2024-02-25 22:31:12,861 [INFO] IPUIPlugin:80 - create IPUIPlugin
2024-02-25 22:31:12,862 [INFO] PluginManager:220 - loadIPPluginJar : add aes
2024-02-25 22:31:12,864 [INFO] IPUIPlugin:80 - create IPUIPlugin
2024-02-25 22:31:12,864 [INFO] PluginManager:220 - loadIPPluginJar : add can
2024-02-25 22:31:12,865 [INFO] IPUIPlugin:80 - create IPUIPlugin
2024-02-25 22:31:12,865 [INFO] PluginManager:220 - loadIPPluginJar : add ts
2024-02-25 22:31:12,869 [INFO] IPUIPlugin:80 - create IPUIPlugin
2024-02-25 22:31:12,869 [INFO] PluginManager:220 - loadIPPluginJar : add fmc
2024-02-25 22:31:12,876 [INFO] IPUIPlugin:80 - create IPUIPlugin
2024-02-25 22:31:12,876 [INFO] PluginManager:220 - loadIPPluginJar : add mdma
2024-02-25 22:31:12,879 [INFO] IPUIPlugin:80 - create IPUIPlugin
2024-02-25 22:31:12,879 [INFO] PluginManager:220 - loadIPPluginJar : add sai
2024-02-25 22:31:12,881 [INFO] IPUIPlugin:80 - create IPUIPlugin
2024-02-25 22:31:12,881 [INFO] PluginManager:220 - loadIPPluginJar : add ipddr
2024-02-25 22:31:12,884 [INFO] IPUIPlugin:80 - create IPUIPlugin
2024-02-25 22:31:12,884 [INFO] PluginManager:220 - loadIPPluginJar : add touchsensing
2024-02-25 22:31:12,886 [INFO] IPUIPlugin:80 - create IPUIPlugin
2024-02-25 22:31:12,886 [INFO] PluginManager:220 - loadIPPluginJar : add i2c
2024-02-25 22:31:12,888 [INFO] IPUIPlugin:80 - create IPUIPlugin
2024-02-25 22:31:12,889 [INFO] PluginManager:220 - loadIPPluginJar : add tracer_emb
2024-02-25 22:31:12,890 [INFO] IPUIPlugin:80 - create IPUIPlugin
2024-02-25 22:31:12,891 [INFO] PluginManager:220 - loadIPPluginJar : add fatfs
2024-02-25 22:31:12,897 [INFO] IPUIPlugin:80 - create IPUIPlugin
2024-02-25 22:31:12,897 [INFO] PluginManager:220 - loadIPPluginJar : add linkedlist
2024-02-25 22:31:12,900 [INFO] IPUIPlugin:80 - create IPUIPlugin
2024-02-25 22:31:12,900 [INFO] PluginManager:220 - loadIPPluginJar : add resmgrutility
2024-02-25 22:31:12,901 [INFO] IPUIPlugin:80 - create IPUIPlugin
2024-02-25 22:31:12,901 [INFO] PluginManager:220 - loadIPPluginJar : add tsc
2024-02-25 22:31:13,006 [INFO] CADModel:165 - CPN selected for project level
2024-02-25 22:31:13,007 [INFO] CADModel:114 - Register for checkConnection events
2024-02-25 22:31:13,007 [FATAL] Updater:308 - Updater called before beeing initialized
2024-02-25 22:31:13,007 [ERROR] CADModel:125 - Updater not yet initialized, retry later 
2024-02-25 22:31:13,132 [INFO] CADModel:165 - CPN selected for project level
2024-02-25 22:31:13,132 [INFO] CADModel:114 - Register for checkConnection events
2024-02-25 22:31:13,133 [FATAL] Updater:308 - Updater called before beeing initialized
2024-02-25 22:31:13,133 [ERROR] CADModel:125 - Updater not yet initialized, retry later 
2024-02-25 22:31:13,135 [FATAL] Updater:308 - Updater called before beeing initialized
2024-02-25 22:31:13,200 [FATAL] Updater:308 - Updater called before beeing initialized
2024-02-25 22:31:13,204 [INFO] DbMcusAds:53 - JSON generation date=Wed Nov 29 11:52:27 CET 2023 (1701255147349)
2024-02-25 22:31:13,205 [FATAL] Updater:308 - Updater called before beeing initialized
2024-02-25 22:31:13,238 [WARN] DetailPanel:346 - Failed to get advertising image, set to default
2024-02-25 22:31:13,317 [FATAL] Updater:308 - Updater called before beeing initialized
2024-02-25 22:31:13,318 [FATAL] Updater:308 - Updater called before beeing initialized
2024-02-25 22:31:13,318 [FATAL] Updater:308 - Updater called before beeing initialized
2024-02-25 22:31:13,318 [WARN] DetailPanel:346 - Failed to get advertising image, set to default
2024-02-25 22:31:13,319 [FATAL] Updater:308 - Updater called before beeing initialized
2024-02-25 22:31:13,348 [ERROR] Updater:1120 - MainUpdater not yet initialized. External WinMGr cannot be set.
2024-02-25 22:31:13,350 [INFO] Updater:1056 - Updater Version found : 6.10.0
2024-02-25 22:31:13,367 [INFO] ApplicationProperties:184 - Using Application install path: /opt/st/stm32cubeide_1.14.0/plugins/com.st.stm32cube.common.mx_6.10.0.202311202037
2024-02-25 22:31:13,666 [INFO] MainUpdater:2873 - connection check result : 10
2024-02-25 22:31:13,667 [INFO] MainUpdater:290 - Updater Check For Update Now.
2024-02-25 22:31:13,667 [INFO] MicroXplorer:498 - Change Database Version : DB.6.0.100
2024-02-25 22:31:13,676 [INFO] McuFinderGlobals:63 - Set McuFinder mode to 2 (CubeIDE integrated)
2024-02-25 22:31:13,682 [INFO] UserAuth:404 - Internet connection configuration mode: 1
2024-02-25 22:31:13,699 [INFO] JxBrowserEngine:152 - Initiate JxBrowser Engine with user profile folder
2024-02-25 22:31:13,844 [INFO] CheckServerUpdateThread:120 - End of CheckServer Thread
2024-02-25 22:31:15,099 [INFO] WebApp:161 - Instantiating new browser for Auth
2024-02-25 22:31:15,492 [WARN] PackLoader:240 - Cannot read IP mode file for STMicroelectronics.X-CUBE-SMBUS.2.1.0
2024-02-25 22:31:15,501 [WARN] PackLoader:240 - Cannot read IP mode file for STMicroelectronics.X-CUBE-TOUCHGFX.4.23.0
2024-02-25 22:31:15,565 [WARN] PackLoader:240 - Cannot read IP mode file for STMicroelectronics.X-CUBE-AZRTOS-F7.1.1.0
2024-02-25 22:31:15,581 [WARN] PackLoader:240 - Cannot read IP mode file for STMicroelectronics.FP-SNS-MOTENV1.4.3.2
2024-02-25 22:31:15,591 [WARN] PackLoader:240 - Cannot read IP mode file for STMicroelectronics.FP-SNS-FLIGHT1.5.0.2
2024-02-25 22:31:15,630 [WARN] PackLoader:240 - Cannot read IP mode file for STMicroelectronics.X-CUBE-DISPLAY.3.0.0
2024-02-25 22:31:15,674 [WARN] PackLoader:240 - Cannot read IP mode file for STMicroelectronics.X-CUBE-BLE1.7.0.0
2024-02-25 22:31:15,684 [WARN] PackLoader:240 - Cannot read IP mode file for emotas.I-CUBE-CANOPEN.1.3.0
2024-02-25 22:31:15,698 [WARN] PackLoader:240 - Cannot read IP mode file for STMicroelectronics.FP-SNS-SMARTAG2.1.2.0
2024-02-25 22:31:15,723 [INFO] LogOutputStream:77 - [STDOUT_REDIRECT] 1 : Invalid condition id : UX_CORESTACK_Condition cause : null
2024-02-25 22:31:15,723 [INFO] LogOutputStream:77 - [STDOUT_REDIRECT] 1 : Invalid condition id : UX_CORESTACK_Condition cause : null
2024-02-25 22:31:15,724 [INFO] LogOutputStream:77 - [STDOUT_REDIRECT] 1 : Invalid condition id : UX_CORESTACK_Condition cause : null
2024-02-25 22:31:15,725 [INFO] LogOutputStream:77 - [STDOUT_REDIRECT] 1 : Invalid condition id : UX_CORESTACK_Condition cause : null
2024-02-25 22:31:15,725 [INFO] LogOutputStream:77 - [STDOUT_REDIRECT] 1 : Invalid condition id : UX_CORESTACK_Condition cause : null
2024-02-25 22:31:15,734 [WARN] PackLoader:240 - Cannot read IP mode file for STMicroelectronics.X-CUBE-AZRTOS-WL.2.0.0
2024-02-25 22:31:15,769 [WARN] PackLoader:240 - Cannot read IP mode file for WES.I-CUBE-Cesium.1.3.0
2024-02-25 22:31:15,794 [WARN] PackLoader:240 - Cannot read IP mode file for STMicroelectronics.X-CUBE-BLE2.3.3.0
2024-02-25 22:31:15,806 [WARN] PackLoader:240 - Cannot read IP mode file for STMicroelectronics.X-CUBE-ALGOBUILD.1.3.0
2024-02-25 22:31:15,882 [WARN] PackLoader:240 - Cannot read IP mode file for STMicroelectronics.X-CUBE-AZRTOS-G0.1.1.0
2024-02-25 22:31:15,904 [WARN] PackLoader:240 - Cannot read IP mode file for STMicroelectronics.X-CUBE-NFC4.3.0.0
2024-02-25 22:31:15,920 [WARN] PackLoader:240 - Cannot read IP mode file for STMicroelectronics.X-CUBE-BLEMGR.3.0.0
2024-02-25 22:31:15,945 [WARN] PackLoader:240 - Cannot read IP mode file for STMicroelectronics.FP-ATR-SIGFOX1.3.2.0
2024-02-25 22:31:15,954 [WARN] PackLoader:240 - Cannot read IP mode file for STMicroelectronics.X-CUBE-EEPRMA1.5.1.0
2024-02-25 22:31:16,010 [WARN] PackLoader:240 - Cannot read IP mode file for SEGGER.I-CUBE-embOS.1.3.1
2024-02-25 22:31:16,061 [WARN] PackLoader:240 - Cannot read IP mode file for STMicroelectronics.X-CUBE-GNSS1.6.0.0
2024-02-25 22:31:16,079 [WARN] PackLoader:240 - Cannot read IP mode file for STMicroelectronics.X-CUBE-AZRTOS-F4.1.1.0
2024-02-25 22:31:16,086 [WARN] PackLoader:240 - Cannot read IP mode file for wolfSSL.I-CUBE-wolfSSL.5.6.4
2024-02-25 22:31:16,108 [WARN] PackLoader:240 - Cannot read IP mode file for STMicroelectronics.X-CUBE-AZRTOS-L5.2.0.0
2024-02-25 22:31:16,117 [WARN] PackLoader:240 - Cannot read IP mode file for STMicroelectronics.X-CUBE-EEPRMA1.4.2.0
2024-02-25 22:31:16,122 [WARN] PackLoader:240 - Cannot read IP mode file for ITTIA_DB.I-CUBE-ITTIADB.8.8.0
2024-02-25 22:31:16,127 [WARN] PackLoader:240 - Cannot read IP mode file for STMicroelectronics.X-CUBE-NFC7.1.0.1
2024-02-25 22:31:16,136 [WARN] PackLoader:240 - Cannot read IP mode file for STMicroelectronics.X-CUBE-NFC6.3.0.0
2024-02-25 22:31:16,142 [WARN] PackLoader:240 - Cannot read IP mode file for STMicroelectronics.X-CUBE-AI.8.1.0
2024-02-25 22:31:16,181 [WARN] ConditionMgr:438 - getConditionDescription Invalid condition id : LAN8742 Phy interface Condition cause : null
2024-02-25 22:31:16,183 [WARN] PackLoader:240 - Cannot read IP mode file for STMicroelectronics.X-CUBE-AZRTOS-L4.2.0.0
2024-02-25 22:31:16,187 [WARN] ConditionMgr:1039 - genDependencies : Invalid condition id : LAN8742 Phy interface Condition cause : null
2024-02-25 22:31:16,187 [WARN] ConditionMgr:1039 - genDependencies : Invalid condition id : LAN8742 Phy interface Condition cause : null
2024-02-25 22:31:16,188 [WARN] ConditionMgr:1039 - genDependencies : Invalid condition id : LAN8742 Phy interface Condition cause : null
2024-02-25 22:31:16,199 [WARN] PackLoader:240 - Cannot read IP mode file for STMicroelectronics.X-CUBE-SFXS2LP1.4.0.0
2024-02-25 22:31:16,243 [WARN] ConditionMgr:438 - getConditionDescription Invalid condition id : UX DEVICE CLASS RTOS Condition cause : null
2024-02-25 22:31:16,244 [WARN] ConditionMgr:438 - getConditionDescription Invalid condition id : UX DEVICE CLASS RTOS Condition cause : null
2024-02-25 22:31:16,247 [WARN] PackLoader:240 - Cannot read IP mode file for STMicroelectronics.X-CUBE-AZRTOS-WB.2.0.0
2024-02-25 22:31:16,248 [WARN] ConditionMgr:1039 - genDependencies : Invalid condition id : UX DEVICE CLASS RTOS Condition cause : null
2024-02-25 22:31:16,249 [WARN] ConditionMgr:1039 - genDependencies : Invalid condition id : UX DEVICE CLASS RTOS Condition cause : null
2024-02-25 22:31:16,249 [WARN] ConditionMgr:1039 - genDependencies : Invalid condition id : UX DEVICE CLASS RTOS Condition cause : null
2024-02-25 22:31:16,250 [WARN] ConditionMgr:1039 - genDependencies : Invalid condition id : UX DEVICE CLASS RTOS Condition cause : null
2024-02-25 22:31:16,250 [WARN] ConditionMgr:1039 - genDependencies : Invalid condition id : UX DEVICE CLASS RTOS Condition cause : null
2024-02-25 22:31:16,273 [WARN] PackLoader:240 - Cannot read IP mode file for STMicroelectronics.X-CUBE-SUBG2.5.0.0
2024-02-25 22:31:16,298 [INFO] WebApp:780 - Register for checkConnection events
2024-02-25 22:31:16,298 [INFO] WebApp:414 - Apply proxy settings
2024-02-25 22:31:16,298 [INFO] WebApp:499 - Chromium requires no authentication
2024-02-25 22:31:16,326 [INFO] WebApp:442 - Direct internet connection detected
2024-02-25 22:31:16,339 [WARN] PackLoader:240 - Cannot read IP mode file for STMicroelectronics.X-CUBE-AZRTOS-G4.2.0.0
2024-02-25 22:31:16,370 [WARN] PackLoader:240 - Cannot read IP mode file for Infineon.AIROC-Wi-Fi-Bluetooth-STM32.1.5.1
2024-02-25 22:31:16,379 [WARN] PackLoader:240 - Cannot read IP mode file for STMicroelectronics.FP-SNS-MOTENVWB1.1.3.1
2024-02-25 22:31:16,383 [WARN] PackLoader:240 - Cannot read IP mode file for STMicroelectronics.X-CUBE-ISPU.2.0.0
2024-02-25 22:31:16,440 [WARN] PackLoader:240 - Cannot read IP mode file for STMicroelectronics.X-CUBE-MEMS1.10.0.0
2024-02-25 22:31:16,551 [INFO] WebApp:192 - Starting web application
2024-02-25 22:31:16,551 [INFO] WebApp:544 - Web application path used /opt/st/stm32cubeide_1.14.0/plugins/com.st.stm32cube.common.mx_6.10.0.202311202037/db/plugins/mcufinder/reactClient1/index.html
2024-02-25 22:31:16,663 [WARN] PackLoader:240 - Cannot read IP mode file for STMicroelectronics.X-CUBE-FREERTOS.1.1.0
2024-02-25 22:31:16,669 [WARN] PackLoader:240 - Cannot read IP mode file for portGmbH.I-Cube-SoM-uGOAL.1.1.0
2024-02-25 22:31:16,679 [WARN] PackLoader:240 - Cannot read IP mode file for STMicroelectronics.X-CUBE-ALS.1.0.1
2024-02-25 22:31:16,688 [WARN] PackLoader:240 - Cannot read IP mode file for STMicroelectronics.FP-ATR-ASTRA1.2.0.0
2024-02-25 22:31:16,707 [WARN] PackLoader:240 - Cannot read IP mode file for STMicroelectronics.X-CUBE-TOF1.3.4.0
2024-02-25 22:31:16,758 [WARN] PackLoader:240 - Cannot read IP mode file for STMicroelectronics.X-CUBE-AZRTOS-H7.3.2.0
2024-02-25 22:31:16,763 [INFO] ThirdParty:978 - Integrity check success = true
2024-02-25 22:31:16,764 [INFO] IntegrityCheckThread:100 - exiting critical section [integrity check]
2024-02-25 22:31:16,765 [INFO] IntegrityCheckThread:103 - End integrity checks thread
2024-02-25 22:31:37,028 [ERROR] LogOutputStream:75 - [STDERR_REDIRECT] SLF4J: Failed to load class "org.slf4j.impl.StaticLoggerBinder".
2024-02-25 22:31:37,030 [ERROR] LogOutputStream:75 - [STDERR_REDIRECT] SLF4J: Defaulting to no-operation (NOP) logger implementation
2024-02-25 22:31:37,030 [ERROR] LogOutputStream:75 - [STDERR_REDIRECT] SLF4J: See http://www.slf4j.org/codes.html#StaticLoggerBinder for further details.
2024-02-25 23:41:29,134 [ERROR] LogOutputStream:75 - [STDERR_REDIRECT] 
